<?xml version="1.0" encoding="UTF-8" standalone="yes"?><!DOCTYPE report PUBLIC "-//JACOCO//DTD Report 1.1//EN" "report.dtd"><report name="JaCoCo Coverage Report"><sessioninfo id="b25a89391966-99bece6" start="1788600756681" dump="1788600761493"/><sessioninfo id="b25a89391966-511ec048" start="1788600753566" dump="1788600761548"/><package name="org/jboss/logmanager"><class name="org/jboss/logmanager/ExtLogRecord" sourcefilename="ExtLogRecord.java"><method name="&lt;init&gt;" desc="(Ljava/util/logging/Level;Ljava/lang/String;Ljava/lang/String;)V" line="71"><counter type="INSTRUCTION" missed="0" covered="7"/><counter type="LINE" missed="0" covered="2"/><counter type="COMPLEXITY" missed="0" covered="1"/><counter type="METHOD" missed="0" covered="1"/></method><method name="&lt;init&gt;" desc="(Ljava/util/logging/Level;Ljava/lang/String;Lorg/jboss/logmanager/ExtLogRecord$FormatStyle;Ljava/lang/String;)V" line="84"><counter type="INSTRUCTION" missed="2" covered="41"/><counter type="BRANCH" missed="1" covered="1"/><counter type="LINE" missed="0" covered="12"/><counter type="COMPLEXITY" missed="1" covered="1"/><counter type="METHOD" missed="0" covered="1"/></method><method name="&lt;init&gt;" desc="(Lorg/jboss/logmanager/ExtLogRecord;)V" line="100"><counter type="INSTRUCTION" missed="112" covered="0"/><counter type="BRANCH" missed="2" covered="0"/><counter type="LINE" missed="29" covered="0"/><counter type="COMPLEXITY" missed="2" covered="0"/><counter type="METHOD" missed="1" covered="0"/></method><method name="wrap" desc="(Ljava/util/logging/LogRecord;)Lorg/jboss/logmanager/ExtLogRecord;" line="137"><counter type="INSTRUCTION" missed="7" covered="8"/><counter type="BRANCH" missed="2" covered="2"/><counter type="LINE" missed="2" covered="3"/><counter type="COMPLEXITY" missed="2" covered="1"/><counter type="METHOD" missed="0" covered="1"/></method><method name="writeObject" desc="(Ljava/io/ObjectOutputStream;)V" line="163"><counter type="INSTRUCTION" missed="5" covered="0"/><counter type="LINE" missed="3" covered="0"/><counter type="COMPLEXITY" missed="1" covered="0"/><counter type="METHOD" missed="1" covered="0"/></method><method name="readObject" desc="(Ljava/io/ObjectInputStream;)V" line="169"><counter type="INSTRUCTION" missed="97" covered="0"/><counter type="LINE" missed="16" covered="0"/><counter type="COMPLEXITY" missed="1" covered="0"/><counter type="METHOD" missed="1" covered="0"/></method><method name="disableCallerCalculation" desc="()V" line="191"><counter type="INSTRUCTION" missed="0" covered="6"/><counter type="BRANCH" missed="1" covered="1"/><counter type="LINE" missed="0" covered="3"/><counter type="COMPLEXITY" missed="1" covered="1"/><counter type="METHOD" missed="0" covered="1"/></method><method name="copyAll" desc="()V" line="201"><counter type="INSTRUCTION" missed="5" covered="0"/><counter type="LINE" missed="3" covered="0"/><counter type="COMPLEXITY" missed="1" covered="0"/><counter type="METHOD" missed="1" covered="0"/></method><method name="copyMdc" desc="()V" line="210"><counter type="INSTRUCTION" missed="0" covered="9"/><counter type="BRANCH" missed="1" covered="1"/><counter type="LINE" missed="0" covered="3"/><counter type="COMPLEXITY" missed="1" covered="1"/><counter type="METHOD" missed="0" covered="1"/></method><method name="getMdc" desc="(Ljava/lang/String;)Ljava/lang/String;" line="222"><counter type="INSTRUCTION" missed="19" covered="0"/><counter type="BRANCH" missed="4" covered="0"/><counter type="LINE" missed="5" covered="0"/><counter type="COMPLEXITY" missed="3" covered="0"/><counter type="METHOD" missed="1" covered="0"/></method><method name="getMdcCopy" desc="()Ljava/util/Map;" line="236"><counter type="INSTRUCTION" missed="38" covered="0"/><counter type="BRANCH" missed="4" covered="0"/><counter type="LINE" missed="8" covered="0"/><counter type="COMPLEXITY" missed="3" covered="0"/><counter type="METHOD" missed="1" covered="0"/></method><method name="putMdc" desc="(Ljava/lang/String;Ljava/lang/String;)Ljava/lang/String;" line="255"><counter type="INSTRUCTION" missed="15" covered="0"/><counter type="BRANCH" missed="2" covered="0"/><counter type="LINE" missed="3" covered="0"/><counter type="COMPLEXITY" missed="2" covered="0"/><counter type="METHOD" missed="1" covered="0"/></method><method name="removeMdc" desc="(Ljava/lang/String;)Ljava/lang/String;" line="267"><counter type="INSTRUCTION" missed="14" covered="0"/><counter type="BRANCH" missed="2" covered="0"/><counter type="LINE" missed="3" covered="0"/><counter type="COMPLEXITY" missed="2" covered="0"/><counter type="METHOD" missed="1" covered="0"/></method><method name="setMdc" desc="(Ljava/util/Map;)V" line="278"><counter type="INSTRUCTION" missed="36" covered="0"/><counter type="BRANCH" missed="6" covered="0"/><counter type="LINE" missed="9" covered="0"/><counter type="COMPLEXITY" missed="4" covered="0"/><counter type="METHOD" missed="1" covered="0"/></method><method name="getNdc" desc="()Ljava/lang/String;" line="295"><counter type="INSTRUCTION" missed="3" covered="0"/><counter type="LINE" missed="1" covered="0"/><counter type="COMPLEXITY" missed="1" covered="0"/><counter type="METHOD" missed="1" covered="0"/></method><method name="setNdc" desc="(Ljava/lang/String;)V" line="304"><counter type="INSTRUCTION" missed="4" covered="0"/><counter type="LINE" missed="2" covered="0"/><counter type="COMPLEXITY" missed="1" covered="0"/><counter type="METHOD" missed="1" covered="0"/></method><method name="getLoggerClassName" desc="()Ljava/lang/String;" line="313"><counter type="INSTRUCTION" missed="3" covered="0"/><counter type="LINE" missed="1" covered="0"/><counter type="COMPLEXITY" missed="1" covered="0"/><counter type="METHOD" missed="1" covered="0"/></method><method name="getFormatStyle" desc="()Lorg/jboss/logmanager/ExtLogRecord$FormatStyle;" line="322"><counter type="INSTRUCTION" missed="3" covered="0"/><counter type="LINE" missed="1" covered="0"/><counter type="COMPLEXITY" missed="1" covered="0"/><counter type="METHOD" missed="1" covered="0"/></method><method name="calculateCaller" desc="()V" line="329"><counter type="INSTRUCTION" missed="10" covered="0"/><counter type="BRANCH" missed="2" covered="0"/><counter type="LINE" missed="5" covered="0"/><counter type="COMPLEXITY" missed="2" covered="0"/><counter type="METHOD" missed="1" covered="0"/></method><method name="setUnknownCaller" desc="()V" line="337"><counter type="INSTRUCTION" missed="0" covered="19"/><counter type="LINE" missed="0" covered="7"/><counter type="COMPLEXITY" missed="0" covered="1"/><counter type="METHOD" missed="0" covered="1"/></method><method name="getSourceLineNumber" desc="()I" line="356"><counter type="INSTRUCTION" missed="5" covered="0"/><counter type="LINE" missed="2" covered="0"/><counter type="COMPLEXITY" missed="1" covered="0"/><counter type="METHOD" missed="1" covered="0"/></method><method name="setSourceLineNumber" desc="(I)V" line="366"><counter type="INSTRUCTION" missed="0" covered="7"/><counter type="LINE" missed="0" covered="3"/><counter type="COMPLEXITY" missed="0" covered="1"/><counter type="METHOD" missed="0" covered="1"/></method><method name="getSourceFileName" desc="()Ljava/lang/String;" line="381"><counter type="INSTRUCTION" missed="5" covered="0"/><counter type="LINE" missed="2" covered="0"/><counter type="COMPLEXITY" missed="1" covered="0"/><counter type="METHOD" missed="1" covered="0"/></method><method name="setSourceFileName" desc="(Ljava/lang/String;)V" line="391"><counter type="INSTRUCTION" missed="0" covered="7"/><counter type="LINE" missed="0" covered="3"/><counter type="COMPLEXITY" missed="0" covered="1"/><counter type="METHOD" missed="0" covered="1"/></method><method name="getSourceClassName" desc="()Ljava/lang/String;" line="397"><counter type="INSTRUCTION" missed="5" covered="0"/><counter type="LINE" missed="2" covered="0"/><counter type="COMPLEXITY" missed="1" covered="0"/><counter type="METHOD" missed="1" covered="0"/></method><method name="setSourceClassName" desc="(Ljava/lang/String;)V" line="403"><counter type="INSTRUCTION" missed="0" covered="7"/><counter type="LINE" missed="0" covered="3"/><counter type="COMPLEXITY" missed="0" covered="1"/><counter type="METHOD" missed="0" covered="1"/></method><method name="getSourceMethodName" desc="()Ljava/lang/String;" line="409"><counter type="INSTRUCTION" missed="5" covered="0"/><counter type="LINE" missed="2" covered="0"/><counter type="COMPLEXITY" missed="1" covered="0"/><counter type="METHOD" missed="1" covered="0"/></method><method name="setSourceMethodName" desc="(Ljava/lang/String;)V" line="415"><counter type="INSTRUCTION" missed="0" covered="7"/><counter type="LINE" missed="0" covered="3"/><counter type="COMPLEXITY" missed="0" covered="1"/><counter type="METHOD" missed="0" covered="1"/></method><method name="getSourceModuleName" desc="()Ljava/lang/String;" line="425"><counter type="INSTRUCTION" missed="5" covered="0"/><counter type="LINE" missed="2" covered="0"/><counter type="COMPLEXITY" missed="1" covered="0"/><counter type="METHOD" missed="1" covered="0"/></method><method name="setSourceModuleName" desc="(Ljava/lang/String;)V" line="435"><counter type="INSTRUCTION" missed="0" covered="7"/><counter type="LINE" missed="0" covered="3"/><counter type="COMPLEXITY" missed="0" covered="1"/><counter type="METHOD" missed="0" covered="1"/></method><method name="getSourceModuleVersion" desc="()Ljava/lang/String;" line="445"><counter type="INSTRUCTION" missed="5" covered="0"/><counter type="LINE" missed="2" covered="0"/><counter type="COMPLEXITY" missed="1" covered="0"/><counter type="METHOD" missed="1" covered="0"/></method><method name="setSourceModuleVersion" desc="(Ljava/lang/String;)V" line="455"><counter type="INSTRUCTION" missed="0" covered="7"/><counter type="LINE" missed="0" covered="3"/><counter type="COMPLEXITY" missed="0" covered="1"/><counter type="METHOD" missed="0" covered="1"/></method><method name="getFormattedMessage" desc="()Ljava/lang/String;" line="467"><counter type="INSTRUCTION" missed="48" covered="0"/><counter type="BRANCH" missed="13" covered="0"/><counter type="LINE" missed="15" covered="0"/><counter type="COMPLEXITY" missed="8" covered="0"/><counter type="METHOD" missed="1" covered="0"/></method><method name="getResourceKey" desc="()Ljava/lang/String;" line="496"><counter type="INSTRUCTION" missed="17" covered="0"/><counter type="BRANCH" missed="6" covered="0"/><counter type="LINE" missed="6" covered="0"/><counter type="COMPLEXITY" missed="4" covered="0"/><counter type="METHOD" missed="1" covered="0"/></method><method name="getThreadName" desc="()Ljava/lang/String;" line="510"><counter type="INSTRUCTION" missed="3" covered="0"/><counter type="LINE" missed="1" covered="0"/><counter type="COMPLEXITY" missed="1" covered="0"/><counter type="METHOD" missed="1" covered="0"/></method><method name="setThreadName" desc="(Ljava/lang/String;)V" line="519"><counter type="INSTRUCTION" missed="4" covered="0"/><counter type="LINE" missed="2" covered="0"/><counter type="COMPLEXITY" missed="1" covered="0"/><counter type="METHOD" missed="1" covered="0"/></method><method name="getHostName" desc="()Ljava/lang/String;" line="528"><counter type="INSTRUCTION" missed="3" covered="0"/><counter type="LINE" missed="1" covered="0"/><counter type="COMPLEXITY" missed="1" covered="0"/><counter type="METHOD" missed="1" covered="0"/></method><method name="setHostName" desc="(Ljava/lang/String;)V" line="537"><counter type="INSTRUCTION" missed="4" covered="0"/><counter type="LINE" missed="2" covered="0"/><counter type="COMPLEXITY" missed="1" covered="0"/><counter type="METHOD" missed="1" covered="0"/></method><method name="getProcessName" desc="()Ljava/lang/String;" line="546"><counter type="INSTRUCTION" missed="3" covered="0"/><counter type="LINE" missed="1" covered="0"/><counter type="COMPLEXITY" missed="1" covered="0"/><counter type="METHOD" missed="1" covered="0"/></method><method name="setProcessName" desc="(Ljava/lang/String;)V" line="555"><counter type="INSTRUCTION" missed="4" covered="0"/><counter type="LINE" missed="2" covered="0"/><counter type="COMPLEXITY" missed="1" covered="0"/><counter type="METHOD" missed="1" covered="0"/></method><method name="getProcessId" desc="()J" line="564"><counter type="INSTRUCTION" missed="3" covered="0"/><counter type="LINE" missed="1" covered="0"/><counter type="COMPLEXITY" missed="1" covered="0"/><counter type="METHOD" missed="1" covered="0"/></method><method name="setProcessId" desc="(J)V" line="573"><counter type="INSTRUCTION" missed="4" covered="0"/><counter type="LINE" missed="2" covered="0"/><counter type="COMPLEXITY" missed="1" covered="0"/><counter type="METHOD" missed="1" covered="0"/></method><method name="setMessage" desc="(Ljava/lang/String;)V" line="583"><counter type="INSTRUCTION" missed="5" covered="0"/><counter type="LINE" missed="2" covered="0"/><counter type="COMPLEXITY" missed="1" covered="0"/><counter type="METHOD" missed="1" covered="0"/></method><method name="setMessage" desc="(Ljava/lang/String;Lorg/jboss/logmanager/ExtLogRecord$FormatStyle;)V" line="594"><counter type="INSTRUCTION" missed="11" covered="0"/><counter type="BRANCH" missed="2" covered="0"/><counter type="LINE" missed="3" covered="0"/><counter type="COMPLEXITY" missed="2" covered="0"/><counter type="METHOD" missed="1" covered="0"/></method><method name="setParameters" desc="([Ljava/lang/Object;)V" line="604"><counter type="INSTRUCTION" missed="4" covered="0"/><counter type="LINE" missed="2" covered="0"/><counter type="COMPLEXITY" missed="1" covered="0"/><counter type="METHOD" missed="1" covered="0"/></method><method name="setResourceBundle" desc="(Ljava/util/ResourceBundle;)V" line="613"><counter type="INSTRUCTION" missed="0" covered="4"/><counter type="LINE" missed="0" covered="2"/><counter type="COMPLEXITY" missed="0" covered="1"/><counter type="METHOD" missed="0" covered="1"/></method><method name="setResourceBundleName" desc="(Ljava/lang/String;)V" line="622"><counter type="INSTRUCTION" missed="4" covered="0"/><counter type="LINE" missed="2" covered="0"/><counter type="COMPLEXITY" missed="1" covered="0"/><counter type="METHOD" missed="1" covered="0"/></method><method name="setMarker" desc="(Ljava/lang/Object;)V" line="629"><counter type="INSTRUCTION" missed="4" covered="0"/><counter type="LINE" missed="2" covered="0"/><counter type="COMPLEXITY" missed="1" covered="0"/><counter type="METHOD" missed="1" covered="0"/></method><method name="getMarker" desc="()Ljava/lang/Object;" line="633"><counter type="INSTRUCTION" missed="3" covered="0"/><counter type="LINE" missed="1" covered="0"/><counter type="COMPLEXITY" missed="1" covered="0"/><counter type="METHOD" missed="1" covered="0"/></method><method name="getLongThreadID" desc="()J" line="640"><counter type="INSTRUCTION" missed="3" covered="0"/><counter type="LINE" missed="1" covered="0"/><counter type="COMPLEXITY" missed="1" covered="0"/><counter type="METHOD" missed="1" covered="0"/></method><method name="setLongThreadID" desc="(J)Lorg/jboss/logmanager/ExtLogRecord;" line="645"><counter type="INSTRUCTION" missed="6" covered="0"/><counter type="LINE" missed="2" covered="0"/><counter type="COMPLEXITY" missed="1" covered="0"/><counter type="METHOD" missed="1" covered="0"/></method><counter type="INSTRUCTION" missed="536" covered="136"/><counter type="BRANCH" missed="48" covered="5"/><counter type="LINE" missed="148" covered="50"/><counter type="COMPLEXITY" missed="65" covered="13"/><counter type="METHOD" missed="38" covered="13"/><counter type="CLASS" missed="0" covered="1"/></class><class name="org/jboss/logmanager/MDCProvider" sourcefilename="MDCProvider.java"/><class name="org/jboss/logmanager/LogContext$1" sourcefilename="LogContext.java"><method name="&lt;init&gt;" desc="()V" line="449"><counter type="INSTRUCTION" missed="0" covered="3"/><counter type="LINE" missed="0" covered="1"/><counter type="COMPLEXITY" missed="0" covered="1"/><counter type="METHOD" missed="0" covered="1"/></method><method name="getLogContext" desc="()Lorg/jboss/logmanager/LogContext;" line="451"><counter type="INSTRUCTION" missed="0" covered="2"/><counter type="LINE" missed="0" covered="1"/><counter type="COMPLEXITY" missed="0" covered="1"/><counter type="METHOD" missed="0" covered="1"/></method><counter type="INSTRUCTION" missed="0" covered="5"/><counter type="LINE" missed="0" covered="2"/><counter type="COMPLEXITY" missed="0" covered="2"/><counter type="METHOD" missed="0" covered="2"/><counter type="CLASS" missed="0" covered="1"/></class><class name="org/jboss/logmanager/ExtFormatter" sourcefilename="ExtFormatter.java"><method name="&lt;init&gt;" desc="()V" line="37"><counter type="INSTRUCTION" missed="3" covered="0"/><counter type="LINE" missed="2" covered="0"/><counter type="COMPLEXITY" missed="1" covered="0"/><counter type="METHOD" missed="1" covered="0"/></method><method name="wrap" desc="(Ljava/util/logging/Formatter;Z)Lorg/jboss/logmanager/ExtFormatter;" line="49"><counter type="INSTRUCTION" missed="14" covered="0"/><counter type="BRANCH" missed="4" covered="0"/><counter type="LINE" missed="3" covered="0"/><counter type="COMPLEXITY" missed="3" covered="0"/><counter type="METHOD" missed="1" covered="0"/></method><method name="format" desc="(Ljava/util/logging/LogRecord;)Ljava/lang/String;" line="58"><counter type="INSTRUCTION" missed="5" covered="0"/><counter type="LINE" missed="1" covered="0"/><counter type="COMPLEXITY" missed="1" covered="0"/><counter type="METHOD" missed="1" covered="0"/></method><method name="formatMessage" desc="(Ljava/util/logging/LogRecord;)Ljava/lang/String;" line="71"><counter type="INSTRUCTION" missed="65" covered="0"/><counter type="BRANCH" missed="16" covered="0"/><counter type="LINE" missed="19" covered="0"/><counter type="COMPLEXITY" missed="9" covered="0"/><counter type="METHOD" missed="1" covered="0"/></method><method name="isCallerCalculationRequired" desc="()Z" line="111"><counter type="INSTRUCTION" missed="2" covered="0"/><counter type="LINE" missed="1" covered="0"/><counter type="COMPLEXITY" missed="1" covered="0"/><counter type="METHOD" missed="1" covered="0"/></method><method name="formatMessageNone" desc="(Ljava/util/logging/LogRecord;)Ljava/lang/String;" line="122"><counter type="INSTRUCTION" missed="3" covered="0"/><counter type="LINE" missed="1" covered="0"/><counter type="COMPLEXITY" missed="1" covered="0"/><counter type="METHOD" missed="1" covered="0"/></method><method name="formatMessageLegacy" desc="(Ljava/util/logging/LogRecord;)Ljava/lang/String;" line="133"><counter type="INSTRUCTION" missed="6" covered="0"/><counter type="LINE" missed="1" covered="0"/><counter type="COMPLEXITY" missed="1" covered="0"/><counter type="METHOD" missed="1" covered="0"/></method><method name="formatMessagePrintf" desc="(Ljava/util/logging/LogRecord;)Ljava/lang/String;" line="144"><counter type="INSTRUCTION" missed="6" covered="0"/><counter type="LINE" missed="1" covered="0"/><counter type="COMPLEXITY" missed="1" covered="0"/><counter type="METHOD" missed="1" covered="0"/></method><counter type="INSTRUCTION" missed="104" covered="0"/><counter type="BRANCH" missed="20" covered="0"/><counter type="LINE" missed="29" covered="0"/><counter type="COMPLEXITY" missed="18" covered="0"/><counter type="METHOD" missed="8" covered="0"/><counter type="CLASS" missed="1" covered="0"/></class><class name="org/jboss/logmanager/LoggerNode$1" sourcefilename="LoggerNode.java"><method name="&lt;init&gt;" desc="()V" line="55"><counter type="INSTRUCTION" missed="0" covered="3"/><counter type="LINE" missed="0" covered="1"/><counter type="COMPLEXITY" missed="0" covered="1"/><counter type="METHOD" missed="0" covered="1"/></method><method name="reap" desc="(Lio/smallrye/common/ref/Reference;)V" line="58"><counter type="INSTRUCTION" missed="8" covered="0"/><counter type="LINE" missed="2" covered="0"/><counter type="COMPLEXITY" missed="1" covered="0"/><counter type="METHOD" missed="1" covered="0"/></method><counter type="INSTRUCTION" missed="8" covered="3"/><counter type="LINE" missed="2" covered="1"/><counter type="COMPLEXITY" missed="1" covered="1"/><counter type="METHOD" missed="1" covered="1"/><counter type="CLASS" missed="0" covered="1"/></class><class name="org/jboss/logmanager/FastCopyHashMap" sourcefilename="FastCopyHashMap.java"><method name="&lt;init&gt;" desc="(IF)V" line="103"><counter type="INSTRUCTION" missed="12" covered="23"/><counter type="BRANCH" missed="4" covered="4"/><counter type="LINE" missed="3" covered="7"/><counter type="COMPLEXITY" missed="4" covered="1"/><counter type="METHOD" missed="0" covered="1"/></method><method name="&lt;init&gt;" desc="(Ljava/util/Map;)V" line="118"><counter type="INSTRUCTION" missed="22" covered="18"/><counter type="BRANCH" missed="1" covered="1"/><counter type="LINE" missed="6" covered="6"/><counter type="COMPLEXITY" missed="1" covered="1"/><counter type="METHOD" missed="0" covered="1"/></method><method name="init" desc="(IF)V" line="134"><counter type="INSTRUCTION" missed="0" covered="40"/><counter type="BRANCH" missed="1" covered="5"/><counter type="LINE" missed="0" covered="8"/><counter type="COMPLEXITY" missed="1" covered="3"/><counter type="METHOD" missed="0" covered="1"/></method><method name="&lt;init&gt;" desc="(I)V" line="149"><counter type="INSTRUCTION" missed="5" covered="0"/><counter type="LINE" missed="2" covered="0"/><counter type="COMPLEXITY" missed="1" covered="0"/><counter type="METHOD" missed="1" covered="0"/></method><method name="&lt;init&gt;" desc="()V" line="153"><counter type="INSTRUCTION" missed="4" covered="0"/><counter type="LINE" missed="2" covered="0"/><counter type="COMPLEXITY" missed="1" covered="0"/><counter type="METHOD" missed="1" covered="0"/></method><method name="hash" desc="(Ljava/lang/Object;)I" line="158"><counter type="INSTRUCTION" missed="0" covered="23"/><counter type="LINE" missed="0" covered="3"/><counter type="COMPLEXITY" missed="0" covered="1"/><counter type="METHOD" missed="0" covered="1"/></method><method name="maskNull" desc="(Ljava/lang/Object;)Ljava/lang/Object;" line="165"><counter type="INSTRUCTION" missed="2" covered="4"/><counter type="BRANCH" missed="1" covered="1"/><counter type="LINE" missed="0" covered="1"/><counter type="COMPLEXITY" missed="1" covered="1"/><counter type="METHOD" missed="0" covered="1"/></method><method name="unmaskNull" desc="(Ljava/lang/Object;)Ljava/lang/Object;" line="169"><counter type="INSTRUCTION" missed="7" covered="0"/><counter type="BRANCH" missed="2" covered="0"/><counter type="LINE" missed="1" covered="0"/><counter type="COMPLEXITY" missed="2" covered="0"/><counter type="METHOD" missed="1" covered="0"/></method><method name="nextIndex" desc="(II)I" line="173"><counter type="INSTRUCTION" missed="13" covered="0"/><counter type="BRANCH" missed="2" covered="0"/><counter type="LINE" missed="2" covered="0"/><counter type="COMPLEXITY" missed="2" covered="0"/><counter type="METHOD" missed="1" covered="0"/></method><method name="eq" desc="(Ljava/lang/Object;Ljava/lang/Object;)Z" line="178"><counter type="INSTRUCTION" missed="1" covered="12"/><counter type="BRANCH" missed="3" covered="3"/><counter type="LINE" missed="0" covered="1"/><counter type="COMPLEXITY" missed="3" covered="1"/><counter type="METHOD" missed="0" covered="1"/></method><method name="index" desc="(II)I" line="182"><counter type="INSTRUCTION" missed="0" covered="6"/><counter type="LINE" missed="0" covered="1"/><counter type="COMPLEXITY" missed="0" covered="1"/><counter type="METHOD" missed="0" covered="1"/></method><method name="size" desc="()I" line="186"><counter type="INSTRUCTION" missed="3" covered="0"/><counter type="LINE" missed="1" covered="0"/><counter type="COMPLEXITY" missed="1" covered="0"/><counter type="METHOD" missed="1" covered="0"/></method><method name="isEmpty" desc="()Z" line="190"><counter type="INSTRUCTION" missed="7" covered="0"/><counter type="BRANCH" missed="2" covered="0"/><counter type="LINE" missed="1" covered="0"/><counter type="COMPLEXITY" missed="2" covered="0"/><counter type="METHOD" missed="1" covered="0"/></method><method name="get" desc="(Ljava/lang/Object;)Ljava/lang/Object;" line="194"><counter type="INSTRUCTION" missed="11" covered="37"/><counter type="BRANCH" missed="4" covered="4"/><counter type="LINE" missed="4" covered="10"/><counter type="COMPLEXITY" missed="3" covered="2"/><counter type="METHOD" missed="0" covered="1"/></method><method name="containsKey" desc="(Ljava/lang/Object;)Z" line="215"><counter type="INSTRUCTION" missed="22" covered="25"/><counter type="BRANCH" missed="7" covered="1"/><counter type="LINE" missed="6" covered="8"/><counter type="COMPLEXITY" missed="4" covered="1"/><counter type="METHOD" missed="0" covered="1"/></method><method name="containsValue" desc="(Ljava/lang/Object;)Z" line="236"><counter type="INSTRUCTION" missed="28" covered="0"/><counter type="BRANCH" missed="6" covered="0"/><counter type="LINE" missed="4" covered="0"/><counter type="COMPLEXITY" missed="4" covered="0"/><counter type="METHOD" missed="1" covered="0"/></method><method name="put" desc="(Ljava/lang/Object;Ljava/lang/Object;)Ljava/lang/Object;" line="244"><counter type="INSTRUCTION" missed="40" covered="52"/><counter type="BRANCH" missed="8" covered="2"/><counter type="LINE" missed="8" covered="13"/><counter type="COMPLEXITY" missed="5" covered="1"/><counter type="METHOD" missed="0" covered="1"/></method><method name="resize" desc="(I)V" line="276"><counter type="INSTRUCTION" missed="67" covered="0"/><counter type="BRANCH" missed="10" covered="0"/><counter type="LINE" missed="15" covered="0"/><counter type="COMPLEXITY" missed="6" covered="0"/><counter type="METHOD" missed="1" covered="0"/></method><method name="putAll" desc="(Ljava/util/Map;)V" line="301"><counter type="INSTRUCTION" missed="44" covered="6"/><counter type="BRANCH" missed="9" covered="1"/><counter type="LINE" missed="9" covered="3"/><counter type="COMPLEXITY" missed="5" covered="1"/><counter type="METHOD" missed="0" covered="1"/></method><method name="remove" desc="(Ljava/lang/Object;)Ljava/lang/Object;" line="321"><counter type="INSTRUCTION" missed="68" covered="0"/><counter type="BRANCH" missed="8" covered="0"/><counter type="LINE" missed="19" covered="0"/><counter type="COMPLEXITY" missed="5" covered="0"/><counter type="METHOD" missed="1" covered="0"/></method><method name="relocate" desc="(I)V" line="349"><counter type="INSTRUCTION" missed="54" covered="0"/><counter type="BRANCH" missed="12" covered="0"/><counter type="LINE" missed="13" covered="0"/><counter type="COMPLEXITY" missed="7" covered="0"/><counter type="METHOD" missed="1" covered="0"/></method><method name="clear" desc="()V" line="374"><counter type="INSTRUCTION" missed="25" covered="0"/><counter type="BRANCH" missed="2" covered="0"/><counter type="LINE" missed="6" covered="0"/><counter type="COMPLEXITY" missed="2" covered="0"/><counter type="METHOD" missed="1" covered="0"/></method><method name="clone" desc="()Lorg/jboss/logmanager/FastCopyHashMap;" line="385"><counter type="INSTRUCTION" missed="6" covered="21"/><counter type="LINE" missed="2" covered="6"/><counter type="COMPLEXITY" missed="0" covered="1"/><counter type="METHOD" missed="0" covered="1"/></method><method name="printDebugStats" desc="()V" line="398"><counter type="INSTRUCTION" missed="86" covered="0"/><counter type="BRANCH" missed="8" covered="0"/><counter type="LINE" missed="21" covered="0"/><counter type="COMPLEXITY" missed="5" covered="0"/><counter type="METHOD" missed="1" covered="0"/></method><method name="entrySet" desc="()Ljava/util/Set;" line="428"><counter type="INSTRUCTION" missed="12" covered="0"/><counter type="BRANCH" missed="2" covered="0"/><counter type="LINE" missed="3" covered="0"/><counter type="COMPLEXITY" missed="2" covered="0"/><counter type="METHOD" missed="1" covered="0"/></method><method name="keySet" desc="()Ljava/util/Set;" line="435"><counter type="INSTRUCTION" missed="12" covered="0"/><counter type="BRANCH" missed="2" covered="0"/><counter type="LINE" missed="3" covered="0"/><counter type="COMPLEXITY" missed="2" covered="0"/><counter type="METHOD" missed="1" covered="0"/></method><method name="values" desc="()Ljava/util/Collection;" line="442"><counter type="INSTRUCTION" missed="12" covered="0"/><counter type="BRANCH" missed="2" covered="0"/><counter type="LINE" missed="3" covered="0"/><counter type="COMPLEXITY" missed="2" covered="0"/><counter type="METHOD" missed="1" covered="0"/></method><method name="of" desc="(Ljava/util/Map;)Lorg/jboss/logmanager/FastCopyHashMap;" line="449"><counter type="INSTRUCTION" missed="3" covered="8"/><counter type="BRANCH" missed="1" covered="1"/><counter type="LINE" missed="1" covered="2"/><counter type="COMPLEXITY" missed="1" covered="1"/><counter type="METHOD" missed="0" covered="1"/></method><method name="readObject" desc="(Ljava/io/ObjectInputStream;)V" line="458"><counter type="INSTRUCTION" missed="31" covered="0"/><counter type="BRANCH" missed="2" covered="0"/><counter type="LINE" missed="9" covered="0"/><counter type="COMPLEXITY" missed="2" covered="0"/><counter type="METHOD" missed="1" covered="0"/></method><method name="putForCreate" desc="(Ljava/lang/Object;Ljava/lang/Object;)V" line="475"><counter type="INSTRUCTION" missed="42" covered="0"/><counter type="BRANCH" missed="2" covered="0"/><counter type="LINE" missed="11" covered="0"/><counter type="COMPLEXITY" missed="2" covered="0"/><counter type="METHOD" missed="1" covered="0"/></method><method name="writeObject" desc="(Ljava/io/ObjectOutputStream;)V" line="492"><counter type="INSTRUCTION" missed="35" covered="0"/><counter type="BRANCH" missed="4" covered="0"/><counter type="LINE" missed="7" covered="0"/><counter type="COMPLEXITY" missed="3" covered="0"/><counter type="METHOD" missed="1" covered="0"/></method><method name="&lt;clinit&gt;" desc="()V" line="51"><counter type="INSTRUCTION" missed="0" covered="5"/><counter type="LINE" missed="0" covered="1"/><counter type="COMPLEXITY" missed="0" covered="1"/><counter type="METHOD" missed="0" covered="1"/></method><counter type="INSTRUCTION" missed="674" covered="280"/><counter type="BRANCH" missed="105" covered="23"/><counter type="LINE" missed="162" covered="70"/><counter type="COMPLEXITY" missed="79" covered="17"/><counter type="METHOD" missed="18" covered="14"/><counter type="CLASS" missed="0" covered="1"/></class><class name="org/jboss/logmanager/Logger" sourcefilename="Logger.java"><method name="getLogger" desc="(Ljava/lang/String;)Lorg/jboss/logmanager/Logger;" line="75"><counter type="INSTRUCTION" missed="4" covered="0"/><counter type="LINE" missed="1" covered="0"/><counter type="COMPLEXITY" missed="1" covered="0"/><counter type="METHOD" missed="1" covered="0"/></method><method name="getLogger" desc="(Ljava/lang/String;Ljava/lang/String;)Lorg/jboss/logmanager/Logger;" line="86"><counter type="INSTRUCTION" missed="13" covered="0"/><counter type="LINE" missed="3" covered="0"/><counter type="COMPLEXITY" missed="1" covered="0"/><counter type="METHOD" missed="1" covered="0"/></method><method name="&lt;init&gt;" desc="(Lorg/jboss/logmanager/LoggerNode;Ljava/lang/String;)V" line="99"><counter type="INSTRUCTION" missed="0" covered="12"/><counter type="LINE" missed="0" covered="4"/><counter type="COMPLEXITY" missed="0" covered="1"/><counter type="METHOD" missed="0" covered="1"/></method><method name="writeReplace" desc="()Ljava/lang/Object;" line="107"><counter type="INSTRUCTION" missed="6" covered="0"/><counter type="LINE" missed="1" covered="0"/><counter type="COMPLEXITY" missed="1" covered="0"/><counter type="METHOD" missed="1" covered="0"/></method><method name="setFilter" desc="(Ljava/util/logging/Filter;)V" line="114"><counter type="INSTRUCTION" missed="6" covered="0"/><counter type="LINE" missed="3" covered="0"/><counter type="COMPLEXITY" missed="1" covered="0"/><counter type="METHOD" missed="1" covered="0"/></method><method name="getFilter" desc="()Ljava/util/logging/Filter;" line="120"><counter type="INSTRUCTION" missed="4" covered="0"/><counter type="LINE" missed="1" covered="0"/><counter type="COMPLEXITY" missed="1" covered="0"/><counter type="METHOD" missed="1" covered="0"/></method><method name="setLevel" desc="(Ljava/util/logging/Level;)V" line="131"><counter type="INSTRUCTION" missed="9" covered="0"/><counter type="LINE" missed="4" covered="0"/><counter type="COMPLEXITY" missed="1" covered="0"/><counter type="METHOD" missed="1" covered="0"/></method><method name="setLevelName" desc="(Ljava/lang/String;)V" line="145"><counter type="INSTRUCTION" missed="8" covered="0"/><counter type="LINE" missed="2" covered="0"/><counter type="COMPLEXITY" missed="1" covered="0"/><counter type="METHOD" missed="1" covered="0"/></method><method name="getEffectiveLevel" desc="()I" line="154"><counter type="INSTRUCTION" missed="4" covered="0"/><counter type="LINE" missed="1" covered="0"/><counter type="COMPLEXITY" missed="1" covered="0"/><counter type="METHOD" missed="1" covered="0"/></method><method name="getLevel" desc="()Ljava/util/logging/Level;" line="159"><counter type="INSTRUCTION" missed="4" covered="0"/><counter type="LINE" missed="1" covered="0"/><counter type="COMPLEXITY" missed="1" covered="0"/><counter type="METHOD" missed="1" covered="0"/></method><method name="isLoggable" desc="(Ljava/util/logging/Level;)Z" line="164"><counter type="INSTRUCTION" missed="0" covered="6"/><counter type="LINE" missed="0" covered="1"/><counter type="COMPLEXITY" missed="0" covered="1"/><counter type="METHOD" missed="0" covered="1"/></method><method name="getAttachment" desc="(Lorg/jboss/logmanager/Logger$AttachmentKey;)Ljava/lang/Object;" line="178"><counter type="INSTRUCTION" missed="5" covered="0"/><counter type="LINE" missed="1" covered="0"/><counter type="COMPLEXITY" missed="1" covered="0"/><counter type="METHOD" missed="1" covered="0"/></method><method name="attach" desc="(Lorg/jboss/logmanager/Logger$AttachmentKey;Ljava/lang/Object;)Ljava/lang/Object;" line="194"><counter type="INSTRUCTION" missed="7" covered="0"/><counter type="LINE" missed="2" covered="0"/><counter type="COMPLEXITY" missed="1" covered="0"/><counter type="METHOD" missed="1" covered="0"/></method><method name="attachIfAbsent" desc="(Lorg/jboss/logmanager/Logger$AttachmentKey;Ljava/lang/Object;)Ljava/lang/Object;" line="212"><counter type="INSTRUCTION" missed="7" covered="0"/><counter type="LINE" missed="2" covered="0"/><counter type="COMPLEXITY" missed="1" covered="0"/><counter type="METHOD" missed="1" covered="0"/></method><method name="detach" desc="(Lorg/jboss/logmanager/Logger$AttachmentKey;)Ljava/lang/Object;" line="226"><counter type="INSTRUCTION" missed="6" covered="0"/><counter type="LINE" missed="2" covered="0"/><counter type="COMPLEXITY" missed="1" covered="0"/><counter type="METHOD" missed="1" covered="0"/></method><method name="addHandler" desc="(Ljava/util/logging/Handler;)V" line="234"><counter type="INSTRUCTION" missed="13" covered="0"/><counter type="BRANCH" missed="2" covered="0"/><counter type="LINE" missed="5" covered="0"/><counter type="COMPLEXITY" missed="2" covered="0"/><counter type="METHOD" missed="1" covered="0"/></method><method name="removeHandler" desc="(Ljava/util/logging/Handler;)V" line="243"><counter type="INSTRUCTION" missed="9" covered="0"/><counter type="BRANCH" missed="2" covered="0"/><counter type="LINE" missed="5" covered="0"/><counter type="COMPLEXITY" missed="2" covered="0"/><counter type="METHOD" missed="1" covered="0"/></method><method name="getHandlers" desc="()[Ljava/util/logging/Handler;" line="252"><counter type="INSTRUCTION" missed="13" covered="0"/><counter type="BRANCH" missed="2" covered="0"/><counter type="LINE" missed="2" covered="0"/><counter type="COMPLEXITY" missed="2" covered="0"/><counter type="METHOD" missed="1" covered="0"/></method><method name="setHandlers" desc="([Ljava/util/logging/Handler;)V" line="263"><counter type="INSTRUCTION" missed="34" covered="0"/><counter type="BRANCH" missed="4" covered="0"/><counter type="LINE" missed="7" covered="0"/><counter type="COMPLEXITY" missed="3" covered="0"/><counter type="METHOD" missed="1" covered="0"/></method><method name="getAndSetHandlers" desc="([Ljava/util/logging/Handler;)[Ljava/util/logging/Handler;" line="281"><counter type="INSTRUCTION" missed="33" covered="0"/><counter type="BRANCH" missed="4" covered="0"/><counter type="LINE" missed="6" covered="0"/><counter type="COMPLEXITY" missed="3" covered="0"/><counter type="METHOD" missed="1" covered="0"/></method><method name="compareAndSetHandlers" desc="([Ljava/util/logging/Handler;[Ljava/util/logging/Handler;)Z" line="301"><counter type="INSTRUCTION" missed="50" covered="0"/><counter type="BRANCH" missed="8" covered="0"/><counter type="LINE" missed="11" covered="0"/><counter type="COMPLEXITY" missed="5" covered="0"/><counter type="METHOD" missed="1" covered="0"/></method><method name="clearHandlers" desc="()[Ljava/util/logging/Handler;" line="325"><counter type="INSTRUCTION" missed="5" covered="0"/><counter type="LINE" missed="2" covered="0"/><counter type="COMPLEXITY" missed="1" covered="0"/><counter type="METHOD" missed="1" covered="0"/></method><method name="setUseParentHandlers" desc="(Z)V" line="331"><counter type="INSTRUCTION" missed="6" covered="0"/><counter type="LINE" missed="3" covered="0"/><counter type="COMPLEXITY" missed="1" covered="0"/><counter type="METHOD" missed="1" covered="0"/></method><method name="getUseParentHandlers" desc="()Z" line="337"><counter type="INSTRUCTION" missed="4" covered="0"/><counter type="LINE" missed="1" covered="0"/><counter type="COMPLEXITY" missed="1" covered="0"/><counter type="METHOD" missed="1" covered="0"/></method><method name="setUseParentFilters" desc="(Z)V" line="349"><counter type="INSTRUCTION" missed="6" covered="0"/><counter type="LINE" missed="3" covered="0"/><counter type="COMPLEXITY" missed="1" covered="0"/><counter type="METHOD" missed="1" covered="0"/></method><method name="getUseParentFilters" desc="()Z" line="359"><counter type="INSTRUCTION" missed="4" covered="0"/><counter type="LINE" missed="1" covered="0"/><counter type="COMPLEXITY" missed="1" covered="0"/><counter type="METHOD" missed="1" covered="0"/></method><method name="getParent" desc="()Lorg/jboss/logmanager/Logger;" line="366"><counter type="INSTRUCTION" missed="11" covered="0"/><counter type="BRANCH" missed="2" covered="0"/><counter type="LINE" missed="2" covered="0"/><counter type="COMPLEXITY" missed="2" covered="0"/><counter type="METHOD" missed="1" covered="0"/></method><method name="setParent" desc="(Ljava/util/logging/Logger;)V" line="376"><counter type="INSTRUCTION" missed="5" covered="0"/><counter type="LINE" missed="1" covered="0"/><counter type="COMPLEXITY" missed="1" covered="0"/><counter type="METHOD" missed="1" covered="0"/></method><method name="getLogContext" desc="()Lorg/jboss/logmanager/LogContext;" line="385"><counter type="INSTRUCTION" missed="4" covered="0"/><counter type="LINE" missed="1" covered="0"/><counter type="COMPLEXITY" missed="1" covered="0"/><counter type="METHOD" missed="1" covered="0"/></method><method name="log" desc="(Ljava/util/logging/LogRecord;)V" line="402"><counter type="INSTRUCTION" missed="1" covered="11"/><counter type="BRANCH" missed="1" covered="1"/><counter type="LINE" missed="1" covered="3"/><counter type="COMPLEXITY" missed="1" covered="1"/><counter type="METHOD" missed="0" covered="1"/></method><method name="entering" desc="(Ljava/lang/String;Ljava/lang/String;)V" line="410"><counter type="INSTRUCTION" missed="24" covered="0"/><counter type="BRANCH" missed="2" covered="0"/><counter type="LINE" missed="7" covered="0"/><counter type="COMPLEXITY" missed="2" covered="0"/><counter type="METHOD" missed="1" covered="0"/></method><method name="entering" desc="(Ljava/lang/String;Ljava/lang/String;Ljava/lang/Object;)V" line="421"><counter type="INSTRUCTION" missed="31" covered="0"/><counter type="BRANCH" missed="2" covered="0"/><counter type="LINE" missed="8" covered="0"/><counter type="COMPLEXITY" missed="2" covered="0"/><counter type="METHOD" missed="1" covered="0"/></method><method name="entering" desc="(Ljava/lang/String;Ljava/lang/String;[Ljava/lang/Object;)V" line="433"><counter type="INSTRUCTION" missed="61" covered="0"/><counter type="BRANCH" missed="10" covered="0"/><counter type="LINE" missed="15" covered="0"/><counter type="COMPLEXITY" missed="6" covered="0"/><counter type="METHOD" missed="1" covered="0"/></method><method name="exiting" desc="(Ljava/lang/String;Ljava/lang/String;)V" line="456"><counter type="INSTRUCTION" missed="24" covered="0"/><counter type="BRANCH" missed="2" covered="0"/><counter type="LINE" missed="7" covered="0"/><counter type="COMPLEXITY" missed="2" covered="0"/><counter type="METHOD" missed="1" covered="0"/></method><method name="exiting" desc="(Ljava/lang/String;Ljava/lang/String;Ljava/lang/Object;)V" line="467"><counter type="INSTRUCTION" missed="31" covered="0"/><counter type="BRANCH" missed="2" covered="0"/><counter type="LINE" missed="8" covered="0"/><counter type="COMPLEXITY" missed="2" covered="0"/><counter type="METHOD" missed="1" covered="0"/></method><method name="throwing" desc="(Ljava/lang/String;Ljava/lang/String;Ljava/lang/Throwable;)V" line="479"><counter type="INSTRUCTION" missed="27" covered="0"/><counter type="BRANCH" missed="2" covered="0"/><counter type="LINE" missed="8" covered="0"/><counter type="COMPLEXITY" missed="2" covered="0"/><counter type="METHOD" missed="1" covered="0"/></method><method name="severe" desc="(Ljava/lang/String;)V" line="491"><counter type="INSTRUCTION" missed="18" covered="0"/><counter type="BRANCH" missed="2" covered="0"/><counter type="LINE" missed="5" covered="0"/><counter type="COMPLEXITY" missed="2" covered="0"/><counter type="METHOD" missed="1" covered="0"/></method><method name="severe" desc="(Ljava/util/function/Supplier;)V" line="500"><counter type="INSTRUCTION" missed="20" covered="0"/><counter type="BRANCH" missed="2" covered="0"/><counter type="LINE" missed="5" covered="0"/><counter type="COMPLEXITY" missed="2" covered="0"/><counter type="METHOD" missed="1" covered="0"/></method><method name="warning" desc="(Ljava/lang/String;)V" line="509"><counter type="INSTRUCTION" missed="18" covered="0"/><counter type="BRANCH" missed="2" covered="0"/><counter type="LINE" missed="5" covered="0"/><counter type="COMPLEXITY" missed="2" covered="0"/><counter type="METHOD" missed="1" covered="0"/></method><method name="warning" desc="(Ljava/util/function/Supplier;)V" line="518"><counter type="INSTRUCTION" missed="20" covered="0"/><counter type="BRANCH" missed="2" covered="0"/><counter type="LINE" missed="5" covered="0"/><counter type="COMPLEXITY" missed="2" covered="0"/><counter type="METHOD" missed="1" covered="0"/></method><method name="info" desc="(Ljava/lang/String;)V" line="527"><counter type="INSTRUCTION" missed="18" covered="0"/><counter type="BRANCH" missed="2" covered="0"/><counter type="LINE" missed="5" covered="0"/><counter type="COMPLEXITY" missed="2" covered="0"/><counter type="METHOD" missed="1" covered="0"/></method><method name="info" desc="(Ljava/util/function/Supplier;)V" line="536"><counter type="INSTRUCTION" missed="20" covered="0"/><counter type="BRANCH" missed="2" covered="0"/><counter type="LINE" missed="5" covered="0"/><counter type="COMPLEXITY" missed="2" covered="0"/><counter type="METHOD" missed="1" covered="0"/></method><method name="config" desc="(Ljava/lang/String;)V" line="545"><counter type="INSTRUCTION" missed="18" covered="0"/><counter type="BRANCH" missed="2" covered="0"/><counter type="LINE" missed="5" covered="0"/><counter type="COMPLEXITY" missed="2" covered="0"/><counter type="METHOD" missed="1" covered="0"/></method><method name="config" desc="(Ljava/util/function/Supplier;)V" line="554"><counter type="INSTRUCTION" missed="20" covered="0"/><counter type="BRANCH" missed="2" covered="0"/><counter type="LINE" missed="5" covered="0"/><counter type="COMPLEXITY" missed="2" covered="0"/><counter type="METHOD" missed="1" covered="0"/></method><method name="fine" desc="(Ljava/lang/String;)V" line="563"><counter type="INSTRUCTION" missed="18" covered="0"/><counter type="BRANCH" missed="2" covered="0"/><counter type="LINE" missed="5" covered="0"/><counter type="COMPLEXITY" missed="2" covered="0"/><counter type="METHOD" missed="1" covered="0"/></method><method name="fine" desc="(Ljava/util/function/Supplier;)V" line="572"><counter type="INSTRUCTION" missed="20" covered="0"/><counter type="BRANCH" missed="2" covered="0"/><counter type="LINE" missed="5" covered="0"/><counter type="COMPLEXITY" missed="2" covered="0"/><counter type="METHOD" missed="1" covered="0"/></method><method name="finer" desc="(Ljava/lang/String;)V" line="581"><counter type="INSTRUCTION" missed="18" covered="0"/><counter type="BRANCH" missed="2" covered="0"/><counter type="LINE" missed="5" covered="0"/><counter type="COMPLEXITY" missed="2" covered="0"/><counter type="METHOD" missed="1" covered="0"/></method><method name="finer" desc="(Ljava/util/function/Supplier;)V" line="590"><counter type="INSTRUCTION" missed="20" covered="0"/><counter type="BRANCH" missed="2" covered="0"/><counter type="LINE" missed="5" covered="0"/><counter type="COMPLEXITY" missed="2" covered="0"/><counter type="METHOD" missed="1" covered="0"/></method><method name="finest" desc="(Ljava/lang/String;)V" line="599"><counter type="INSTRUCTION" missed="18" covered="0"/><counter type="BRANCH" missed="2" covered="0"/><counter type="LINE" missed="5" covered="0"/><counter type="COMPLEXITY" missed="2" covered="0"/><counter type="METHOD" missed="1" covered="0"/></method><method name="finest" desc="(Ljava/util/function/Supplier;)V" line="608"><counter type="INSTRUCTION" missed="20" covered="0"/><counter type="BRANCH" missed="2" covered="0"/><counter type="LINE" missed="5" covered="0"/><counter type="COMPLEXITY" missed="2" covered="0"/><counter type="METHOD" missed="1" covered="0"/></method><method name="log" desc="(Ljava/util/logging/Level;Ljava/lang/String;)V" line="617"><counter type="INSTRUCTION" missed="19" covered="0"/><counter type="BRANCH" missed="2" covered="0"/><counter type="LINE" missed="5" covered="0"/><counter type="COMPLEXITY" missed="2" covered="0"/><counter type="METHOD" missed="1" covered="0"/></method><method name="log" desc="(Ljava/util/logging/Level;Ljava/util/function/Supplier;)V" line="626"><counter type="INSTRUCTION" missed="21" covered="0"/><counter type="BRANCH" missed="2" covered="0"/><counter type="LINE" missed="5" covered="0"/><counter type="COMPLEXITY" missed="2" covered="0"/><counter type="METHOD" missed="1" covered="0"/></method><method name="log" desc="(Ljava/util/logging/Level;Ljava/lang/String;Ljava/lang/Object;)V" line="635"><counter type="INSTRUCTION" missed="26" covered="0"/><counter type="BRANCH" missed="2" covered="0"/><counter type="LINE" missed="6" covered="0"/><counter type="COMPLEXITY" missed="2" covered="0"/><counter type="METHOD" missed="1" covered="0"/></method><method name="log" desc="(Ljava/util/logging/Level;Ljava/lang/String;[Ljava/lang/Object;)V" line="645"><counter type="INSTRUCTION" missed="35" covered="0"/><counter type="BRANCH" missed="6" covered="0"/><counter type="LINE" missed="8" covered="0"/><counter type="COMPLEXITY" missed="4" covered="0"/><counter type="METHOD" missed="1" covered="0"/></method><method name="log" desc="(Ljava/util/logging/Level;Ljava/lang/String;Ljava/lang/Throwable;)V" line="660"><counter type="INSTRUCTION" missed="22" covered="0"/><counter type="BRANCH" missed="2" covered="0"/><counter type="LINE" missed="6" covered="0"/><counter type="COMPLEXITY" missed="2" covered="0"/><counter type="METHOD" missed="1" covered="0"/></method><method name="log" desc="(Ljava/util/logging/Level;Ljava/lang/Throwable;Ljava/util/function/Supplier;)V" line="670"><counter type="INSTRUCTION" missed="24" covered="0"/><counter type="BRANCH" missed="2" covered="0"/><counter type="LINE" missed="6" covered="0"/><counter type="COMPLEXITY" missed="2" covered="0"/><counter type="METHOD" missed="1" covered="0"/></method><method name="logp" desc="(Ljava/util/logging/Level;Ljava/lang/String;Ljava/lang/String;Ljava/lang/String;)V" line="680"><counter type="INSTRUCTION" missed="25" covered="0"/><counter type="BRANCH" missed="2" covered="0"/><counter type="LINE" missed="7" covered="0"/><counter type="COMPLEXITY" missed="2" covered="0"/><counter type="METHOD" missed="1" covered="0"/></method><method name="logp" desc="(Ljava/util/logging/Level;Ljava/lang/String;Ljava/lang/String;Ljava/util/function/Supplier;)V" line="692"><counter type="INSTRUCTION" missed="27" covered="0"/><counter type="BRANCH" missed="2" covered="0"/><counter type="LINE" missed="7" covered="0"/><counter type="COMPLEXITY" missed="2" covered="0"/><counter type="METHOD" missed="1" covered="0"/></method><method name="logp" desc="(Ljava/util/logging/Level;Ljava/lang/String;Ljava/lang/String;Ljava/lang/String;Ljava/lang/Object;)V" line="704"><counter type="INSTRUCTION" missed="32" covered="0"/><counter type="BRANCH" missed="2" covered="0"/><counter type="LINE" missed="8" covered="0"/><counter type="COMPLEXITY" missed="2" covered="0"/><counter type="METHOD" missed="1" covered="0"/></method><method name="logp" desc="(Ljava/util/logging/Level;Ljava/lang/String;Ljava/lang/String;Ljava/lang/String;[Ljava/lang/Object;)V" line="717"><counter type="INSTRUCTION" missed="41" covered="0"/><counter type="BRANCH" missed="6" covered="0"/><counter type="LINE" missed="10" covered="0"/><counter type="COMPLEXITY" missed="4" covered="0"/><counter type="METHOD" missed="1" covered="0"/></method><method name="logp" desc="(Ljava/util/logging/Level;Ljava/lang/String;Ljava/lang/String;Ljava/lang/String;Ljava/lang/Throwable;)V" line="735"><counter type="INSTRUCTION" missed="28" covered="0"/><counter type="BRANCH" missed="2" covered="0"/><counter type="LINE" missed="8" covered="0"/><counter type="COMPLEXITY" missed="2" covered="0"/><counter type="METHOD" missed="1" covered="0"/></method><method name="logp" desc="(Ljava/util/logging/Level;Ljava/lang/String;Ljava/lang/String;Ljava/lang/Throwable;Ljava/util/function/Supplier;)V" line="748"><counter type="INSTRUCTION" missed="30" covered="0"/><counter type="BRANCH" missed="2" covered="0"/><counter type="LINE" missed="8" covered="0"/><counter type="COMPLEXITY" missed="2" covered="0"/><counter type="METHOD" missed="1" covered="0"/></method><method name="logrb" desc="(Ljava/util/logging/Level;Ljava/lang/String;Ljava/lang/String;Ljava/lang/String;Ljava/lang/String;)V" line="762"><counter type="INSTRUCTION" missed="15" covered="0"/><counter type="BRANCH" missed="2" covered="0"/><counter type="LINE" missed="4" covered="0"/><counter type="COMPLEXITY" missed="2" covered="0"/><counter type="METHOD" missed="1" covered="0"/></method><method name="logrb" desc="(Ljava/util/logging/Level;Ljava/lang/String;Ljava/lang/String;Ljava/lang/String;Ljava/lang/String;Ljava/lang/Object;)V" line="773"><counter type="INSTRUCTION" missed="16" covered="0"/><counter type="BRANCH" missed="2" covered="0"/><counter type="LINE" missed="4" covered="0"/><counter type="COMPLEXITY" missed="2" covered="0"/><counter type="METHOD" missed="1" covered="0"/></method><method name="logrb" desc="(Ljava/util/logging/Level;Ljava/lang/String;Ljava/lang/String;Ljava/lang/String;Ljava/lang/String;[Ljava/lang/Object;)V" line="784"><counter type="INSTRUCTION" missed="16" covered="0"/><counter type="BRANCH" missed="2" covered="0"/><counter type="LINE" missed="4" covered="0"/><counter type="COMPLEXITY" missed="2" covered="0"/><counter type="METHOD" missed="1" covered="0"/></method><method name="logrb" desc="(Ljava/util/logging/Level;Ljava/lang/String;Ljava/lang/String;Ljava/lang/String;Ljava/lang/String;Ljava/lang/Throwable;)V" line="795"><counter type="INSTRUCTION" missed="16" covered="0"/><counter type="BRANCH" missed="2" covered="0"/><counter type="LINE" missed="4" covered="0"/><counter type="COMPLEXITY" missed="2" covered="0"/><counter type="METHOD" missed="1" covered="0"/></method><method name="logrb" desc="(Ljava/util/logging/Level;Ljava/lang/String;Ljava/lang/String;Ljava/util/ResourceBundle;Ljava/lang/String;[Ljava/lang/Object;)V" line="805"><counter type="INSTRUCTION" missed="16" covered="0"/><counter type="BRANCH" missed="2" covered="0"/><counter type="LINE" missed="4" covered="0"/><counter type="COMPLEXITY" missed="2" covered="0"/><counter type="METHOD" missed="1" covered="0"/></method><method name="logrb" desc="(Ljava/util/logging/Level;Ljava/util/ResourceBundle;Ljava/lang/String;[Ljava/lang/Object;)V" line="814"><counter type="INSTRUCTION" missed="14" covered="0"/><counter type="BRANCH" missed="2" covered="0"/><counter type="LINE" missed="4" covered="0"/><counter type="COMPLEXITY" missed="2" covered="0"/><counter type="METHOD" missed="1" covered="0"/></method><method name="logrb" desc="(Ljava/util/logging/Level;Ljava/lang/String;Ljava/lang/String;Ljava/util/ResourceBundle;Ljava/lang/String;Ljava/lang/Throwable;)V" line="824"><counter type="INSTRUCTION" missed="16" covered="0"/><counter type="BRANCH" missed="2" covered="0"/><counter type="LINE" missed="4" covered="0"/><counter type="COMPLEXITY" missed="2" covered="0"/><counter type="METHOD" missed="1" covered="0"/></method><method name="logrb" desc="(Ljava/util/logging/Level;Ljava/util/ResourceBundle;Ljava/lang/String;Ljava/lang/Throwable;)V" line="833"><counter type="INSTRUCTION" missed="14" covered="0"/><counter type="BRANCH" missed="2" covered="0"/><counter type="LINE" missed="4" covered="0"/><counter type="COMPLEXITY" missed="2" covered="0"/><counter type="METHOD" missed="1" covered="0"/></method><method name="log" desc="(Ljava/lang/String;Ljava/util/logging/Level;Ljava/lang/String;Ljava/lang/String;Lorg/jboss/logmanager/ExtLogRecord$FormatStyle;[Ljava/lang/Object;Ljava/lang/Throwable;)V" line="854"><counter type="INSTRUCTION" missed="34" covered="0"/><counter type="BRANCH" missed="8" covered="0"/><counter type="LINE" missed="9" covered="0"/><counter type="COMPLEXITY" missed="5" covered="0"/><counter type="METHOD" missed="1" covered="0"/></method><method name="log" desc="(Ljava/lang/String;Ljava/util/logging/Level;Ljava/lang/String;Lorg/jboss/logmanager/ExtLogRecord$FormatStyle;[Ljava/lang/Object;Ljava/lang/Throwable;)V" line="877"><counter type="INSTRUCTION" missed="31" covered="0"/><counter type="BRANCH" missed="8" covered="0"/><counter type="LINE" missed="8" covered="0"/><counter type="COMPLEXITY" missed="5" covered="0"/><counter type="METHOD" missed="1" covered="0"/></method><method name="log" desc="(Ljava/lang/String;Ljava/util/logging/Level;Ljava/lang/String;Ljava/lang/Throwable;)V" line="896"><counter type="INSTRUCTION" missed="9" covered="0"/><counter type="LINE" missed="2" covered="0"/><counter type="COMPLEXITY" missed="1" covered="0"/><counter type="METHOD" missed="1" covered="0"/></method><method name="logRaw" desc="(Lorg/jboss/logmanager/ExtLogRecord;)V" line="905"><counter type="INSTRUCTION" missed="12" covered="20"/><counter type="BRANCH" missed="2" covered="2"/><counter type="LINE" missed="6" covered="7"/><counter type="COMPLEXITY" missed="2" covered="1"/><counter type="METHOD" missed="0" covered="1"/></method><method name="setResourceBundle" desc="(Ljava/util/ResourceBundle;)V" line="931"><counter type="INSTRUCTION" missed="14" covered="0"/><counter type="LINE" missed="5" covered="0"/><counter type="COMPLEXITY" missed="1" covered="0"/><counter type="METHOD" missed="1" covered="0"/></method><method name="getResourceBundle" desc="()Ljava/util/ResourceBundle;" line="944"><counter type="INSTRUCTION" missed="2" covered="30"/><counter type="BRANCH" missed="4" covered="4"/><counter type="LINE" missed="0" covered="8"/><counter type="COMPLEXITY" missed="4" covered="1"/><counter type="METHOD" missed="0" covered="1"/></method><method name="logRaw" desc="(Ljava/util/logging/LogRecord;)V" line="964"><counter type="INSTRUCTION" missed="0" covered="5"/><counter type="LINE" missed="0" covered="2"/><counter type="COMPLEXITY" missed="0" covered="1"/><counter type="METHOD" missed="0" covered="1"/></method><method name="toString" desc="()Ljava/lang/String;" line="983"><counter type="INSTRUCTION" missed="8" covered="0"/><counter type="LINE" missed="1" covered="0"/><counter type="COMPLEXITY" missed="1" covered="0"/><counter type="METHOD" missed="1" covered="0"/></method><method name="&lt;clinit&gt;" desc="()V" line="44"><counter type="INSTRUCTION" missed="0" covered="32"/><counter type="LINE" missed="0" covered="10"/><counter type="COMPLEXITY" missed="0" covered="1"/><counter type="METHOD" missed="0" covered="1"/></method><counter type="INSTRUCTION" missed="1308" covered="116"/><counter type="BRANCH" missed="143" covered="7"/><counter type="LINE" missed="345" covered="35"/><counter type="COMPLEXITY" missed="147" covered="7"/><counter type="METHOD" missed="72" covered="7"/><counter type="CLASS" missed="0" covered="1"/></class><class name="org/jboss/logmanager/LogContextInitializer$1" sourcefilename="LogContextInitializer.java"><method name="&lt;init&gt;" desc="()V" line="45"><counter type="INSTRUCTION" missed="0" covered="3"/><counter type="LINE" missed="0" covered="1"/><counter type="COMPLEXITY" missed="0" covered="1"/><counter type="METHOD" missed="0" covered="1"/></method><counter type="INSTRUCTION" missed="0" covered="3"/><counter type="LINE" missed="0" covered="1"/><counter type="COMPLEXITY" missed="0" covered="1"/><counter type="METHOD" missed="0" covered="1"/><counter type="CLASS" missed="0" covered="1"/></class><class name="org/jboss/logmanager/FastCopyHashMap$Entry" sourcefilename="FastCopyHashMap.java"><method name="&lt;init&gt;" desc="(Ljava/lang/Object;ILjava/lang/Object;)V" line="508"><counter type="INSTRUCTION" missed="0" covered="12"/><counter type="LINE" missed="0" covered="5"/><counter type="COMPLEXITY" missed="0" covered="1"/><counter type="METHOD" missed="0" covered="1"/></method><counter type="INSTRUCTION" missed="0" covered="12"/><counter type="LINE" missed="0" covered="5"/><counter type="COMPLEXITY" missed="0" covered="1"/><counter type="METHOD" missed="0" covered="1"/><counter type="CLASS" missed="0" covered="1"/></class><class name="org/jboss/logmanager/CopyOnWriteMap" sourcefilename="CopyOnWriteMap.java"><method name="&lt;init&gt;" desc="()V" line="29"><counter type="INSTRUCTION" missed="0" covered="6"/><counter type="LINE" missed="0" covered="3"/><counter type="COMPLEXITY" missed="0" covered="1"/><counter type="METHOD" missed="0" covered="1"/></method><method name="get" desc="(Ljava/lang/Object;)Ljava/lang/Object;" line="40"><counter type="INSTRUCTION" missed="0" covered="5"/><counter type="LINE" missed="0" covered="1"/><counter type="COMPLEXITY" missed="0" covered="1"/><counter type="METHOD" missed="0" covered="1"/></method><method name="containsKey" desc="(Ljava/lang/Object;)Z" line="44"><counter type="INSTRUCTION" missed="5" covered="0"/><counter type="LINE" missed="1" covered="0"/><counter type="COMPLEXITY" missed="1" covered="0"/><counter type="METHOD" missed="1" covered="0"/></method><method name="size" desc="()I" line="48"><counter type="INSTRUCTION" missed="4" covered="0"/><counter type="LINE" missed="1" covered="0"/><counter type="COMPLEXITY" missed="1" covered="0"/><counter type="METHOD" missed="1" covered="0"/></method><method name="containsValue" desc="(Ljava/lang/Object;)Z" line="52"><counter type="INSTRUCTION" missed="5" covered="0"/><counter type="LINE" missed="1" covered="0"/><counter type="COMPLEXITY" missed="1" covered="0"/><counter type="METHOD" missed="1" covered="0"/></method><method name="clear" desc="()V" line="57"><counter type="INSTRUCTION" missed="4" covered="0"/><counter type="LINE" missed="2" covered="0"/><counter type="COMPLEXITY" missed="1" covered="0"/><counter type="METHOD" missed="1" covered="0"/></method><method name="put" desc="(Ljava/lang/Object;Ljava/lang/Object;)Ljava/lang/Object;" line="64"><counter type="INSTRUCTION" missed="19" covered="0"/><counter type="BRANCH" missed="2" covered="0"/><counter type="LINE" missed="5" covered="0"/><counter type="COMPLEXITY" missed="2" covered="0"/><counter type="METHOD" missed="1" covered="0"/></method><method name="remove" desc="(Ljava/lang/Object;)Ljava/lang/Object;" line="75"><counter type="INSTRUCTION" missed="24" covered="0"/><counter type="BRANCH" missed="4" covered="0"/><counter type="LINE" missed="7" covered="0"/><counter type="COMPLEXITY" missed="3" covered="0"/><counter type="METHOD" missed="1" covered="0"/></method><method name="clone" desc="()Lorg/jboss/logmanager/CopyOnWriteMap;" line="88"><counter type="INSTRUCTION" missed="9" covered="0"/><counter type="LINE" missed="3" covered="0"/><counter type="COMPLEXITY" missed="1" covered="0"/><counter type="METHOD" missed="1" covered="0"/></method><method name="putIfAbsent" desc="(Ljava/lang/Object;Ljava/lang/Object;)Ljava/lang/Object;" line="97"><counter type="INSTRUCTION" missed="4" covered="23"/><counter type="BRANCH" missed="2" covered="2"/><counter type="LINE" missed="1" covered="6"/><counter type="COMPLEXITY" missed="2" covered="1"/><counter type="METHOD" missed="0" covered="1"/></method><method name="remove" desc="(Ljava/lang/Object;Ljava/lang/Object;)Z" line="111"><counter type="INSTRUCTION" missed="39" covered="0"/><counter type="BRANCH" missed="10" covered="0"/><counter type="LINE" missed="9" covered="0"/><counter type="COMPLEXITY" missed="6" covered="0"/><counter type="METHOD" missed="1" covered="0"/></method><method name="replace" desc="(Ljava/lang/Object;Ljava/lang/Object;Ljava/lang/Object;)Z" line="129"><counter type="INSTRUCTION" missed="33" covered="0"/><counter type="BRANCH" missed="8" covered="0"/><counter type="LINE" missed="7" covered="0"/><counter type="COMPLEXITY" missed="5" covered="0"/><counter type="METHOD" missed="1" covered="0"/></method><method name="replace" desc="(Ljava/lang/Object;Ljava/lang/Object;)Ljava/lang/Object;" line="144"><counter type="INSTRUCTION" missed="33" covered="0"/><counter type="BRANCH" missed="8" covered="0"/><counter type="LINE" missed="7" covered="0"/><counter type="COMPLEXITY" missed="5" covered="0"/><counter type="METHOD" missed="1" covered="0"/></method><method name="keySet" desc="()Ljava/util/Set;" line="156"><counter type="INSTRUCTION" missed="5" covered="0"/><counter type="LINE" missed="1" covered="0"/><counter type="COMPLEXITY" missed="1" covered="0"/><counter type="METHOD" missed="1" covered="0"/></method><method name="values" desc="()Ljava/util/Collection;" line="160"><counter type="INSTRUCTION" missed="5" covered="0"/><counter type="LINE" missed="1" covered="0"/><counter type="COMPLEXITY" missed="1" covered="0"/><counter type="METHOD" missed="1" covered="0"/></method><method name="entrySet" desc="()Ljava/util/Set;" line="164"><counter type="INSTRUCTION" missed="5" covered="0"/><counter type="LINE" missed="1" covered="0"/><counter type="COMPLEXITY" missed="1" covered="0"/><counter type="METHOD" missed="1" covered="0"/></method><method name="&lt;clinit&gt;" desc="()V" line="31"><counter type="INSTRUCTION" missed="0" covered="12"/><counter type="LINE" missed="0" covered="3"/><counter type="COMPLEXITY" missed="0" covered="1"/><counter type="METHOD" missed="0" covered="1"/></method><counter type="INSTRUCTION" missed="194" covered="46"/><counter type="BRANCH" missed="34" covered="2"/><counter type="LINE" missed="47" covered="12"/><counter type="COMPLEXITY" missed="31" covered="4"/><counter type="METHOD" missed="13" covered="4"/><counter type="CLASS" missed="0" covered="1"/></class><class name="org/jboss/logmanager/NDCProvider" sourcefilename="NDCProvider.java"/><class name="org/jboss/logmanager/ConfiguratorFactory" sourcefilename="ConfiguratorFactory.java"/><class name="org/jboss/logmanager/ExtErrorManager" sourcefilename="ExtErrorManager.java"><method name="&lt;init&gt;" desc="()V" line="8"><counter type="INSTRUCTION" missed="0" covered="3"/><counter type="LINE" missed="0" covered="1"/><counter type="COMPLEXITY" missed="0" covered="1"/><counter type="METHOD" missed="0" covered="1"/></method><method name="nameForCode" desc="(I)Ljava/lang/String;" line="17"><counter type="INSTRUCTION" missed="17" covered="0"/><counter type="BRANCH" missed="7" covered="0"/><counter type="LINE" missed="8" covered="0"/><counter type="COMPLEXITY" missed="7" covered="0"/><counter type="METHOD" missed="1" covered="0"/></method><method name="error" desc="(Ljava/lang/String;Ljava/lang/Exception;I)V" line="36"><counter type="INSTRUCTION" missed="6" covered="0"/><counter type="LINE" missed="2" covered="0"/><counter type="COMPLEXITY" missed="1" covered="0"/><counter type="METHOD" missed="1" covered="0"/></method><method name="errorToLogRecord" desc="(Ljava/lang/String;Ljava/lang/Exception;I)Lorg/jboss/logmanager/ExtLogRecord;" line="49"><counter type="INSTRUCTION" missed="39" covered="0"/><counter type="LINE" missed="8" covered="0"/><counter type="COMPLEXITY" missed="1" covered="0"/><counter type="METHOD" missed="1" covered="0"/></method><counter type="INSTRUCTION" missed="62" covered="3"/><counter type="BRANCH" missed="7" covered="0"/><counter type="LINE" missed="18" covered="1"/><counter type="COMPLEXITY" missed="9" covered="1"/><counter type="METHOD" missed="3" covered="1"/><counter type="CLASS" missed="0" covered="1"/></class><class name="org/jboss/logmanager/LoggerNode" sourcefilename="LoggerNode.java"><method name="&lt;init&gt;" desc="(Lorg/jboss/logmanager/LogContext;)V" line="91"><counter type="INSTRUCTION" missed="3" covered="65"/><counter type="BRANCH" missed="1" covered="1"/><counter type="LINE" missed="1" covered="18"/><counter type="COMPLEXITY" missed="1" covered="1"/><counter type="METHOD" missed="0" covered="1"/></method><method name="&lt;init&gt;" desc="(Lorg/jboss/logmanager/LogContext;Lorg/jboss/logmanager/LoggerNode;Ljava/lang/String;)V" line="91"><counter type="INSTRUCTION" missed="21" covered="80"/><counter type="BRANCH" missed="6" covered="6"/><counter type="LINE" missed="4" covered="22"/><counter type="COMPLEXITY" missed="5" covered="2"/><counter type="METHOD" missed="0" covered="1"/></method><method name="safeCloneHandlers" desc="([Ljava/util/logging/Handler;)[Ljava/util/logging/Handler;" line="197"><counter type="INSTRUCTION" missed="46" covered="27"/><counter type="BRANCH" missed="12" covered="6"/><counter type="LINE" missed="11" covered="7"/><counter type="COMPLEXITY" missed="7" covered="3"/><counter type="METHOD" missed="0" covered="1"/></method><method name="close" desc="()V" line="228"><counter type="INSTRUCTION" missed="49" covered="0"/><counter type="BRANCH" missed="2" covered="0"/><counter type="LINE" missed="15" covered="0"/><counter type="COMPLEXITY" missed="2" covered="0"/><counter type="METHOD" missed="1" covered="0"/></method><method name="getOrCreate" desc="(Ljava/lang/String;)Lorg/jboss/logmanager/LoggerNode;" line="257"><counter type="INSTRUCTION" missed="4" covered="57"/><counter type="BRANCH" missed="3" covered="9"/><counter type="LINE" missed="2" covered="11"/><counter type="COMPLEXITY" missed="3" covered="4"/><counter type="METHOD" missed="0" covered="1"/></method><method name="getIfExists" desc="(Ljava/lang/String;)Lorg/jboss/logmanager/LoggerNode;" line="285"><counter type="INSTRUCTION" missed="44" covered="0"/><counter type="BRANCH" missed="10" covered="0"/><counter type="LINE" missed="10" covered="0"/><counter type="COMPLEXITY" missed="6" covered="0"/><counter type="METHOD" missed="1" covered="0"/></method><method name="createLogger" desc="()Lorg/jboss/logmanager/Logger;" line="304"><counter type="INSTRUCTION" missed="5" covered="22"/><counter type="BRANCH" missed="1" covered="1"/><counter type="LINE" missed="1" covered="4"/><counter type="COMPLEXITY" missed="1" covered="1"/><counter type="METHOD" missed="0" covered="1"/></method><method name="getChildren" desc="()Ljava/util/Collection;" line="319"><counter type="INSTRUCTION" missed="4" covered="0"/><counter type="LINE" missed="1" covered="0"/><counter type="COMPLEXITY" missed="1" covered="0"/><counter type="METHOD" missed="1" covered="0"/></method><method name="getContext" desc="()Lorg/jboss/logmanager/LogContext;" line="328"><counter type="INSTRUCTION" missed="3" covered="0"/><counter type="LINE" missed="1" covered="0"/><counter type="COMPLEXITY" missed="1" covered="0"/><counter type="METHOD" missed="1" covered="0"/></method><method name="setEffectiveLevel" desc="(I)V" line="338"><counter type="INSTRUCTION" missed="25" covered="0"/><counter type="BRANCH" missed="6" covered="0"/><counter type="LINE" missed="7" covered="0"/><counter type="COMPLEXITY" missed="4" covered="0"/><counter type="METHOD" missed="1" covered="0"/></method><method name="setFilter" desc="(Ljava/util/logging/Filter;)V" line="349"><counter type="INSTRUCTION" missed="11" covered="0"/><counter type="BRANCH" missed="2" covered="0"/><counter type="LINE" missed="4" covered="0"/><counter type="COMPLEXITY" missed="2" covered="0"/><counter type="METHOD" missed="1" covered="0"/></method><method name="getFilter" desc="()Ljava/util/logging/Filter;" line="356"><counter type="INSTRUCTION" missed="3" covered="0"/><counter type="LINE" missed="1" covered="0"/><counter type="COMPLEXITY" missed="1" covered="0"/><counter type="METHOD" missed="1" covered="0"/></method><method name="getUseParentFilters" desc="()Z" line="360"><counter type="INSTRUCTION" missed="3" covered="0"/><counter type="LINE" missed="1" covered="0"/><counter type="COMPLEXITY" missed="1" covered="0"/><counter type="METHOD" missed="1" covered="0"/></method><method name="setUseParentFilters" desc="(Z)V" line="364"><counter type="INSTRUCTION" missed="11" covered="0"/><counter type="BRANCH" missed="2" covered="0"/><counter type="LINE" missed="4" covered="0"/><counter type="COMPLEXITY" missed="2" covered="0"/><counter type="METHOD" missed="1" covered="0"/></method><method name="getEffectiveLevel" desc="()I" line="372"><counter type="INSTRUCTION" missed="3" covered="0"/><counter type="LINE" missed="1" covered="0"/><counter type="COMPLEXITY" missed="1" covered="0"/><counter type="METHOD" missed="1" covered="0"/></method><method name="isLoggableLevel" desc="(I)Z" line="377"><counter type="INSTRUCTION" missed="1" covered="14"/><counter type="BRANCH" missed="3" covered="3"/><counter type="LINE" missed="0" covered="1"/><counter type="COMPLEXITY" missed="3" covered="1"/><counter type="METHOD" missed="0" covered="1"/></method><method name="getHandlers" desc="()[Ljava/util/logging/Handler;" line="381"><counter type="INSTRUCTION" missed="23" covered="7"/><counter type="BRANCH" missed="3" covered="1"/><counter type="LINE" missed="5" covered="3"/><counter type="COMPLEXITY" missed="2" covered="1"/><counter type="METHOD" missed="0" covered="1"/></method><method name="clearHandlers" desc="()[Ljava/util/logging/Handler;" line="394"><counter type="INSTRUCTION" missed="9" covered="0"/><counter type="LINE" missed="3" covered="0"/><counter type="COMPLEXITY" missed="1" covered="0"/><counter type="METHOD" missed="1" covered="0"/></method><method name="removeHandler" desc="(Ljava/util/logging/Handler;)V" line="400"><counter type="INSTRUCTION" missed="10" covered="0"/><counter type="LINE" missed="3" covered="0"/><counter type="COMPLEXITY" missed="1" covered="0"/><counter type="METHOD" missed="1" covered="0"/></method><method name="addHandler" desc="(Ljava/util/logging/Handler;)V" line="405"><counter type="INSTRUCTION" missed="13" covered="0"/><counter type="LINE" missed="4" covered="0"/><counter type="COMPLEXITY" missed="1" covered="0"/><counter type="METHOD" missed="1" covered="0"/></method><method name="setHandlers" desc="([Ljava/util/logging/Handler;)[Ljava/util/logging/Handler;" line="411"><counter type="INSTRUCTION" missed="14" covered="0"/><counter type="BRANCH" missed="2" covered="0"/><counter type="LINE" missed="3" covered="0"/><counter type="COMPLEXITY" missed="2" covered="0"/><counter type="METHOD" missed="1" covered="0"/></method><method name="compareAndSetHandlers" desc="([Ljava/util/logging/Handler;[Ljava/util/logging/Handler;)Z" line="418"><counter type="INSTRUCTION" missed="6" covered="0"/><counter type="LINE" missed="1" covered="0"/><counter type="COMPLEXITY" missed="1" covered="0"/><counter type="METHOD" missed="1" covered="0"/></method><method name="getUseParentHandlers" desc="()Z" line="422"><counter type="INSTRUCTION" missed="3" covered="0"/><counter type="LINE" missed="1" covered="0"/><counter type="COMPLEXITY" missed="1" covered="0"/><counter type="METHOD" missed="1" covered="0"/></method><method name="setUseParentHandlers" desc="(Z)V" line="426"><counter type="INSTRUCTION" missed="11" covered="0"/><counter type="BRANCH" missed="2" covered="0"/><counter type="LINE" missed="4" covered="0"/><counter type="COMPLEXITY" missed="2" covered="0"/><counter type="METHOD" missed="1" covered="0"/></method><method name="publish" desc="(Lorg/jboss/logmanager/ExtLogRecord;)V" line="434"><counter type="INSTRUCTION" missed="68" covered="39"/><counter type="BRANCH" missed="12" covered="6"/><counter type="LINE" missed="20" covered="10"/><counter type="COMPLEXITY" missed="7" covered="3"/><counter type="METHOD" missed="0" covered="1"/></method><method name="setLevel" desc="(Ljava/util/logging/Level;)V" line="485"><counter type="INSTRUCTION" missed="67" covered="0"/><counter type="BRANCH" missed="10" covered="0"/><counter type="LINE" missed="21" covered="0"/><counter type="COMPLEXITY" missed="6" covered="0"/><counter type="METHOD" missed="1" covered="0"/></method><method name="getLevel" desc="()Ljava/util/logging/Level;" line="519"><counter type="INSTRUCTION" missed="0" covered="3"/><counter type="LINE" missed="0" covered="1"/><counter type="COMPLEXITY" missed="0" covered="1"/><counter type="METHOD" missed="0" covered="1"/></method><method name="getAttachment" desc="(Lorg/jboss/logmanager/Logger$AttachmentKey;)Ljava/lang/Object;" line="524"><counter type="INSTRUCTION" missed="9" covered="0"/><counter type="LINE" missed="2" covered="0"/><counter type="COMPLEXITY" missed="1" covered="0"/><counter type="METHOD" missed="1" covered="0"/></method><method name="attach" desc="(Lorg/jboss/logmanager/Logger$AttachmentKey;Ljava/lang/Object;)Ljava/lang/Object;" line="530"><counter type="INSTRUCTION" missed="53" covered="0"/><counter type="BRANCH" missed="4" covered="0"/><counter type="LINE" missed="12" covered="0"/><counter type="COMPLEXITY" missed="3" covered="0"/><counter type="METHOD" missed="1" covered="0"/></method><method name="attachIfAbsent" desc="(Lorg/jboss/logmanager/Logger$AttachmentKey;Ljava/lang/Object;)Ljava/lang/Object;" line="552"><counter type="INSTRUCTION" missed="59" covered="0"/><counter type="BRANCH" missed="6" covered="0"/><counter type="LINE" missed="14" covered="0"/><counter type="COMPLEXITY" missed="4" covered="0"/><counter type="METHOD" missed="1" covered="0"/></method><method name="detach" desc="(Lorg/jboss/logmanager/Logger$AttachmentKey;)Ljava/lang/Object;" line="576"><counter type="INSTRUCTION" missed="73" covered="0"/><counter type="BRANCH" missed="10" covered="0"/><counter type="LINE" missed="16" covered="0"/><counter type="COMPLEXITY" missed="6" covered="0"/><counter type="METHOD" missed="1" covered="0"/></method><method name="getFullName" desc="()Ljava/lang/String;" line="603"><counter type="INSTRUCTION" missed="3" covered="0"/><counter type="LINE" missed="1" covered="0"/><counter type="COMPLEXITY" missed="1" covered="0"/><counter type="METHOD" missed="1" covered="0"/></method><method name="getParent" desc="()Lorg/jboss/logmanager/LoggerNode;" line="607"><counter type="INSTRUCTION" missed="3" covered="0"/><counter type="LINE" missed="1" covered="0"/><counter type="COMPLEXITY" missed="1" covered="0"/><counter type="METHOD" missed="1" covered="0"/></method><method name="isLoggable" desc="(Lorg/jboss/logmanager/ExtLogRecord;)Z" line="619"><counter type="INSTRUCTION" missed="19" covered="11"/><counter type="BRANCH" missed="4" covered="2"/><counter type="LINE" missed="4" covered="3"/><counter type="COMPLEXITY" missed="3" covered="1"/><counter type="METHOD" missed="0" covered="1"/></method><method name="isLoggable" desc="(Lorg/jboss/logmanager/LoggerNode;Lorg/jboss/logmanager/ExtLogRecord;)Z" line="633"><counter type="INSTRUCTION" missed="25" covered="0"/><counter type="BRANCH" missed="10" covered="0"/><counter type="LINE" missed="5" covered="0"/><counter type="COMPLEXITY" missed="6" covered="0"/><counter type="METHOD" missed="1" covered="0"/></method><method name="getLoggerNames" desc="()Ljava/util/Enumeration;" line="642"><counter type="INSTRUCTION" missed="5" covered="0"/><counter type="LINE" missed="1" covered="0"/><counter type="COMPLEXITY" missed="1" covered="0"/><counter type="METHOD" missed="1" covered="0"/></method><method name="lambda$createLogger$0" desc="()Lorg/jboss/logmanager/Logger;" line="307"><counter type="INSTRUCTION" missed="7" covered="0"/><counter type="LINE" missed="1" covered="0"/><counter type="COMPLEXITY" missed="1" covered="0"/><counter type="METHOD" missed="1" covered="0"/></method><method name="&lt;clinit&gt;" desc="()V" line="55"><counter type="INSTRUCTION" missed="0" covered="22"/><counter type="LINE" missed="0" covered="5"/><counter type="COMPLEXITY" missed="0" covered="1"/><counter type="METHOD" missed="0" covered="1"/></method><counter type="INSTRUCTION" missed="716" covered="347"/><counter type="BRANCH" missed="111" covered="35"/><counter type="LINE" missed="185" covered="82"/><counter type="COMPLEXITY" missed="92" covered="19"/><counter type="METHOD" missed="27" covered="11"/><counter type="CLASS" missed="0" covered="1"/></class><class name="org/jboss/logmanager/MDC" sourcefilename="MDC.java"><method name="getMDCProvider" desc="()Lorg/jboss/logmanager/MDCProvider;" line="39"><counter type="INSTRUCTION" missed="0" covered="2"/><counter type="LINE" missed="0" covered="1"/><counter type="COMPLEXITY" missed="0" covered="1"/><counter type="METHOD" missed="0" covered="1"/></method><method name="getDefaultMDCProvider" desc="()Lorg/jboss/logmanager/MDCProvider;" line="43"><counter type="INSTRUCTION" missed="3" covered="5"/><counter type="BRANCH" missed="1" covered="1"/><counter type="LINE" missed="1" covered="1"/><counter type="COMPLEXITY" missed="1" covered="1"/><counter type="METHOD" missed="0" covered="1"/></method><method name="doGetDefaultMDCProvider" desc="()Lorg/jboss/logmanager/MDCProvider;" line="48"><counter type="INSTRUCTION" missed="12" covered="15"/><counter type="BRANCH" missed="1" covered="1"/><counter type="LINE" missed="5" covered="4"/><counter type="COMPLEXITY" missed="1" covered="1"/><counter type="METHOD" missed="0" covered="1"/></method><method name="get" desc="(Ljava/lang/String;)Ljava/lang/String;" line="69"><counter type="INSTRUCTION" missed="4" covered="0"/><counter type="LINE" missed="1" covered="0"/><counter type="COMPLEXITY" missed="1" covered="0"/><counter type="METHOD" missed="1" covered="0"/></method><method name="getObject" desc="(Ljava/lang/String;)Ljava/lang/Object;" line="79"><counter type="INSTRUCTION" missed="4" covered="0"/><counter type="LINE" missed="1" covered="0"/><counter type="COMPLEXITY" missed="1" covered="0"/><counter type="METHOD" missed="1" covered="0"/></method><method name="put" desc="(Ljava/lang/String;Ljava/lang/String;)Ljava/lang/String;" line="90"><counter type="INSTRUCTION" missed="5" covered="0"/><counter type="LINE" missed="1" covered="0"/><counter type="COMPLEXITY" missed="1" covered="0"/><counter type="METHOD" missed="1" covered="0"/></method><method name="putObject" desc="(Ljava/lang/String;Ljava/lang/Object;)Ljava/lang/Object;" line="101"><counter type="INSTRUCTION" missed="5" covered="0"/><counter type="LINE" missed="1" covered="0"/><counter type="COMPLEXITY" missed="1" covered="0"/><counter type="METHOD" missed="1" covered="0"/></method><method name="remove" desc="(Ljava/lang/String;)Ljava/lang/String;" line="111"><counter type="INSTRUCTION" missed="4" covered="0"/><counter type="LINE" missed="1" covered="0"/><counter type="COMPLEXITY" missed="1" covered="0"/><counter typ
[...]
 mb="0" cb="0"/><line nr="1011" mi="3" ci="0" mb="0" cb="0"/><line nr="1012" mi="7" ci="0" mb="2" cb="0"/><line nr="1013" mi="4" ci="0" mb="0" cb="0"/><line nr="1016" mi="3" ci="0" mb="0" cb="0"/><line nr="1017" mi="1" ci="0" mb="0" cb="0"/><line nr="1021" mi="5" ci="0" mb="0" cb="0"/><line nr="1026" mi="4" ci="0" mb="0" cb="0"/><line nr="1027" mi="1" ci="0" mb="0" cb="0"/><line nr="1469" mi="0" ci="5" mb="0" cb="0"/><line nr="1472" mi="0" ci="3" mb="0" cb="0"/><line nr="1473" mi="0" ci="1" mb="0" cb="0"/><line nr="1477" mi="0" ci="13" mb="0" cb="6"/><line nr="1521" mi="2" ci="0" mb="0" cb="0"/><line nr="1522" mi="5" ci="0" mb="0" cb="0"/><line nr="1523" mi="1" ci="0" mb="0" cb="0"/><line nr="1527" mi="9" ci="0" mb="2" cb="0"/><line nr="1532" mi="5" ci="0" mb="0" cb="0"/><line nr="1537" mi="5" ci="0" mb="0" cb="0"/><line nr="1542" mi="8" ci="0" mb="0" cb="0"/><line nr="1548" mi="4" ci="0" mb="0" cb="0"/><line nr="1549" mi="4" ci="0" mb="0" cb="0"/><line nr="1550" mi="4" ci="0" mb="0" cb="0"/><line nr="1551" mi="3" ci="0" mb="0" cb="0"/><line nr="1552" mi="1" ci="0" mb="0" cb="0"/><line nr="1556" mi="3" ci="0" mb="0" cb="0"/><line nr="1561" mi="10" ci="0" mb="0" cb="0"/><line nr="1571" mi="2" ci="0" mb="0" cb="0"/><line nr="1572" mi="5" ci="0" mb="0" cb="0"/><line nr="1573" mi="5" ci="0" mb="0" cb="0"/><line nr="1574" mi="1" ci="0" mb="0" cb="0"/><line nr="1578" mi="14" ci="0" mb="4" cb="0"/><line nr="1584" mi="4" ci="0" mb="0" cb="0"/><line nr="1585" mi="4" ci="0" mb="0" cb="0"/><line nr="1586" mi="4" ci="0" mb="0" cb="0"/><line nr="1587" mi="4" ci="0" mb="0" cb="0"/><line nr="1588" mi="3" ci="0" mb="0" cb="0"/><line nr="1589" mi="3" ci="0" mb="0" cb="0"/><line nr="1590" mi="1" ci="0" mb="0" cb="0"/><line nr="1594" mi="15" ci="0" mb="0" cb="0"/><line nr="1604" mi="0" ci="2" mb="0" cb="0"/><line nr="1605" mi="0" ci="5" mb="0" cb="0"/><line nr="1606" mi="0" ci="5" mb="0" cb="0"/><line nr="1607" mi="0" ci="1" mb="0" cb="0"/><line nr="1612" mi="0" ci="4" mb="0" cb="0"/><line nr="1613" mi="0" ci="4" mb="0" cb="0"/><line nr="1614" mi="0" ci="1" mb="0" cb="0"/><line nr="1618" mi="14" ci="0" mb="4" cb="0"/><line nr="1623" mi="0" ci="15" mb="0" cb="0"/><line nr="1634" mi="0" ci="2" mb="0" cb="0"/><line nr="1635" mi="0" ci="3" mb="0" cb="0"/><line nr="1636" mi="0" ci="1" mb="0" cb="0"/><line nr="1640" mi="0" ci="8" mb="0" cb="2"/><line nr="1645" mi="7" ci="0" mb="0" cb="0"/><line nr="1650" mi="9" ci="0" mb="2" cb="0"/><line nr="1655" mi="11" ci="0" mb="2" cb="0"/><line nr="1660" mi="4" ci="0" mb="0" cb="0"/><line nr="1666" mi="4" ci="0" mb="0" cb="0"/><line nr="1667" mi="1" ci="0" mb="0" cb="0"/><line nr="1671" mi="13" ci="0" mb="0" cb="0"/><line nr="1680" mi="2" ci="0" mb="0" cb="0"/><line nr="1681" mi="3" ci="0" mb="0" cb="0"/><line nr="1682" mi="1" ci="0" mb="0" cb="0"/><line nr="1686" mi="8" ci="0" mb="2" cb="0"/><line nr="1691" mi="11" ci="0" mb="2" cb="0"/><line nr="1696" mi="9" ci="0" mb="2" cb="0"/><line nr="1702" mi="5" ci="0" mb="0" cb="0"/><line nr="1703" mi="7" ci="0" mb="0" cb="0"/><line nr="1704" mi="1" ci="0" mb="0" cb="0"/><line nr="1708" mi="4" ci="0" mb="0" cb="0"/><line nr="1713" mi="13" ci="0" mb="0" cb="0"/><line nr="1718" mi="0" ci="6" mb="0" cb="0"/><line nr="1727" mi="0" ci="2" mb="0" cb="0"/><line nr="1728" mi="0" ci="3" mb="0" cb="0"/><line nr="1729" mi="0" ci="3" mb="0" cb="0"/><line nr="1730" mi="0" ci="1" mb="0" cb="0"/><line nr="1734" mi="12" ci="0" mb="4" cb="0"/><line nr="1740" mi="0" ci="4" mb="0" cb="0"/><line nr="1741" mi="0" ci="4" mb="0" cb="0"/><line nr="1742" mi="0" ci="1" mb="0" cb="0"/><line nr="1746" mi="0" ci="17" mb="0" cb="0"/><line nr="1755" mi="0" ci="2" mb="0" cb="0"/><line nr="1756" mi="0" ci="5" mb="0" cb="0"/><line nr="1757" mi="0" ci="3" mb="0" cb="0"/><line nr="1758" mi="0" ci="1" mb="0" cb="0"/><line nr="1762" mi="0" ci="9" mb="0" cb="2"/><line nr="1768" mi="17" ci="0" mb="2" cb="0"/><line nr="1769" mi="3" ci="0" mb="0" cb="0"/><line nr="1771" mi="1" ci="0" mb="0" cb="0"/><line nr="1775" mi="5" ci="0" mb="0" cb="0"/><line nr="1776" mi="17" ci="0" mb="2" cb="0"/><line nr="1777" mi="5" ci="0" mb="0" cb="0"/><line nr="1779" mi="4" ci="0" mb="0" cb="0"/><line nr="1780" mi="3" ci="0" mb="0" cb="0"/><line nr="1790" mi="0" ci="2" mb="0" cb="0"/><line nr="1791" mi="1" ci="6" mb="1" cb="1"/><line nr="1792" mi="0" ci="3" mb="0" cb="0"/><line nr="1793" mi="0" ci="3" mb="0" cb="0"/><line nr="1794" mi="0" ci="1" mb="0" cb="0"/><line nr="1798" mi="12" ci="0" mb="4" cb="0"/><line nr="1804" mi="8" ci="0" mb="0" cb="0"/><line nr="1805" mi="1" ci="0" mb="0" cb="0"/><line nr="1809" mi="8" ci="0" mb="0" cb="0"/><line nr="1810" mi="6" ci="0" mb="0" cb="0"/><line nr="1812" mi="5" ci="0" mb="0" cb="0"/><line nr="1822" mi="2" ci="0" mb="0" cb="0"/><line nr="1823" mi="5" ci="0" mb="0" cb="0"/><line nr="1824" mi="1" ci="0" mb="0" cb="0"/><line nr="1828" mi="6" ci="0" mb="0" cb="0"/><line nr="1833" mi="12" ci="0" mb="0" cb="0"/><counter type="INSTRUCTION" missed="985" covered="459"/><counter type="BRANCH" missed="108" covered="48"/><counter type="LINE" missed="203" covered="96"/><counter type="COMPLEXITY" missed="133" covered="59"/><counter type="METHOD" missed="74" covered="38"/><counter type="CLASS" missed="7" covered="9"/></sourcefile><sourcefile name="Preconditions.java"><line nr="127" mi="0" ci="2" mb="1" cb="1"/><line nr="128" mi="4" ci="0" mb="0" cb="0"/><line nr="130" mi="0" ci="1" mb="0" cb="0"/><line nr="141" mi="0" ci="2" mb="0" cb="2"/><line nr="142" mi="0" ci="6" mb="0" cb="0"/><line nr="144" mi="0" ci="1" mb="0" cb="0"/><line nr="163" mi="2" ci="0" mb="2" cb="0"/><line nr="164" mi="4" ci="0" mb="0" cb="0"/><line nr="165" mi="3" ci="0" mb="0" cb="0"/><line nr="167" mi="1" ci="0" mb="0" cb="0"/><line nr="178" mi="2" ci="0" mb="2" cb="0"/><line nr="179" mi="13" ci="0" mb="0" cb="0"/><line nr="181" mi="1" ci="0" mb="0" cb="0"/><line nr="192" mi="2" ci="0" mb="2" cb="0"/><line nr="193" mi="13" ci="0" mb="0" cb="0"/><line nr="195" mi="1" ci="0" mb="0" cb="0"/><line nr="206" mi="2" ci="0" mb="2" cb="0"/><line nr="207" mi="13" ci="0" mb="0" cb="0"/><line nr="209" mi="1" ci="0" mb="0" cb="0"/><line nr="220" mi="0" ci="2" mb="1" cb="1"/><line nr="221" mi="12" ci="0" mb="0" cb="0"/><line nr="223" mi="0" ci="1" mb="0" cb="0"/><line nr="234" mi="2" ci="0" mb="2" cb="0"/><line nr="235" mi="18" ci="0" mb="0" cb="0"/><line nr="237" mi="1" ci="0" mb="0" cb="0"/><line nr="248" mi="2" ci="0" mb="2" cb="0"/><line nr="249" mi="18" ci="0" mb="0" cb="0"/><line nr="251" mi="1" ci="0" mb="0" cb="0"/><line nr="262" mi="2" ci="0" mb="2" cb="0"/><line nr="263" mi="18" ci="0" mb="0" cb="0"/><line nr="265" mi="1" ci="0" mb="0" cb="0"/><line nr="279" mi="2" ci="0" mb="2" cb="0"/><line nr="280" mi="17" ci="0" mb="0" cb="0"/><line nr="282" mi="1" ci="0" mb="0" cb="0"/><line nr="293" mi="2" ci="0" mb="2" cb="0"/><line nr="294" mi="18" ci="0" mb="0" cb="0"/><line nr="296" mi="1" ci="0" mb="0" cb="0"/><line nr="307" mi="2" ci="0" mb="2" cb="0"/><line nr="308" mi="18" ci="0" mb="0" cb="0"/><line nr="310" mi="1" ci="0" mb="0" cb="0"/><line nr="321" mi="2" ci="0" mb="2" cb="0"/><line nr="322" mi="18" ci="0" mb="0" cb="0"/><line nr="324" mi="1" ci="0" mb="0" cb="0"/><line nr="338" mi="2" ci="0" mb="2" cb="0"/><line nr="339" mi="17" ci="0" mb="0" cb="0"/><line nr="341" mi="1" ci="0" mb="0" cb="0"/><line nr="352" mi="2" ci="0" mb="2" cb="0"/><line nr="353" mi="18" ci="0" mb="0" cb="0"/><line nr="355" mi="1" ci="0" mb="0" cb="0"/><line nr="366" mi="2" ci="0" mb="2" cb="0"/><line nr="367" mi="18" ci="0" mb="0" cb="0"/><line nr="369" mi="1" ci="0" mb="0" cb="0"/><line nr="380" mi="2" ci="0" mb="2" cb="0"/><line nr="381" mi="18" ci="0" mb="0" cb="0"/><line nr="383" mi="1" ci="0" mb="0" cb="0"/><line nr="397" mi="2" ci="0" mb="2" cb="0"/><line nr="398" mi="17" ci="0" mb="0" cb="0"/><line nr="400" mi="1" ci="0" mb="0" cb="0"/><line nr="414" mi="2" ci="0" mb="2" cb="0"/><line nr="415" mi="17" ci="0" mb="0" cb="0"/><line nr="417" mi="1" ci="0" mb="0" cb="0"/><line nr="431" mi="2" ci="0" mb="2" cb="0"/><line nr="432" mi="17" ci="0" mb="0" cb="0"/><line nr="434" mi="1" ci="0" mb="0" cb="0"/><line nr="448" mi="2" ci="0" mb="2" cb="0"/><line nr="449" mi="17" ci="0" mb="0" cb="0"/><line nr="451" mi="1" ci="0" mb="0" cb="0"/><line nr="466" mi="2" ci="0" mb="2" cb="0"/><line nr="467" mi="16" ci="0" mb="0" cb="0"/><line nr="469" mi="1" ci="0" mb="0" cb="0"/><line nr="484" mi="2" ci="0" mb="2" cb="0"/><line nr="485" mi="20" ci="0" mb="0" cb="0"/><line nr="487" mi="1" ci="0" mb="0" cb="0"/><line nr="503" mi="2" ci="0" mb="2" cb="0"/><line nr="504" mi="21" ci="0" mb="0" cb="0"/><line nr="505" mi="3" ci="0" mb="0" cb="0"/><line nr="507" mi="1" ci="0" mb="0" cb="0"/><line nr="518" mi="2" ci="0" mb="2" cb="0"/><line nr="519" mi="4" ci="0" mb="0" cb="0"/><line nr="521" mi="1" ci="0" mb="0" cb="0"/><line nr="534" mi="2" ci="0" mb="2" cb="0"/><line nr="535" mi="6" ci="0" mb="0" cb="0"/><line nr="537" mi="1" ci="0" mb="0" cb="0"/><line nr="566" mi="2" ci="0" mb="2" cb="0"/><line nr="567" mi="4" ci="0" mb="0" cb="0"/><line nr="568" mi="3" ci="0" mb="0" cb="0"/><line nr="570" mi="1" ci="0" mb="0" cb="0"/><line nr="582" mi="2" ci="0" mb="2" cb="0"/><line nr="583" mi="13" ci="0" mb="0" cb="0"/><line nr="585" mi="1" ci="0" mb="0" cb="0"/><line nr="597" mi="2" ci="0" mb="2" cb="0"/><line nr="598" mi="13" ci="0" mb="0" cb="0"/><line nr="600" mi="1" ci="0" mb="0" cb="0"/><line nr="612" mi="2" ci="0" mb="2" cb="0"/><line nr="613" mi="13" ci="0" mb="0" cb="0"/><line nr="615" mi="1" ci="0" mb="0" cb="0"/><line nr="627" mi="2" ci="0" mb="2" cb="0"/><line nr="628" mi="12" ci="0" mb="0" cb="0"/><line nr="630" mi="1" ci="0" mb="0" cb="0"/><line nr="642" mi="2" ci="0" mb="2" cb="0"/><line nr="643" mi="18" ci="0" mb="0" cb="0"/><line nr="645" mi="1" ci="0" mb="0" cb="0"/><line nr="657" mi="2" ci="0" mb="2" cb="0"/><line nr="658" mi="18" ci="0" mb="0" cb="0"/><line nr="660" mi="1" ci="0" mb="0" cb="0"/><line nr="672" mi="2" ci="0" mb="2" cb="0"/><line nr="673" mi="18" ci="0" mb="0" cb="0"/><line nr="675" mi="1" ci="0" mb="0" cb="0"/><line nr="690" mi="2" ci="0" mb="2" cb="0"/><line nr="691" mi="17" ci="0" mb="0" cb="0"/><line nr="693" mi="1" ci="0" mb="0" cb="0"/><line nr="705" mi="2" ci="0" mb="2" cb="0"/><line nr="706" mi="18" ci="0" mb="0" cb="0"/><line nr="708" mi="1" ci="0" mb="0" cb="0"/><line nr="720" mi="2" ci="0" mb="2" cb="0"/><line nr="721" mi="18" ci="0" mb="0" cb="0"/><line nr="723" mi="1" ci="0" mb="0" cb="0"/><line nr="735" mi="2" ci="0" mb="2" cb="0"/><line nr="736" mi="18" ci="0" mb="0" cb="0"/><line nr="738" mi="1" ci="0" mb="0" cb="0"/><line nr="753" mi="2" ci="0" mb="2" cb="0"/><line nr="754" mi="17" ci="0" mb="0" cb="0"/><line nr="756" mi="1" ci="0" mb="0" cb="0"/><line nr="768" mi="2" ci="0" mb="2" cb="0"/><line nr="769" mi="18" ci="0" mb="0" cb="0"/><line nr="771" mi="1" ci="0" mb="0" cb="0"/><line nr="783" mi="2" ci="0" mb="2" cb="0"/><line nr="784" mi="18" ci="0" mb="0" cb="0"/><line nr="786" mi="1" ci="0" mb="0" cb="0"/><line nr="798" mi="2" ci="0" mb="2" cb="0"/><line nr="799" mi="18" ci="0" mb="0" cb="0"/><line nr="801" mi="1" ci="0" mb="0" cb="0"/><line nr="816" mi="2" ci="0" mb="2" cb="0"/><line nr="817" mi="17" ci="0" mb="0" cb="0"/><line nr="819" mi="1" ci="0" mb="0" cb="0"/><line nr="834" mi="2" ci="0" mb="2" cb="0"/><line nr="835" mi="17" ci="0" mb="0" cb="0"/><line nr="837" mi="1" ci="0" mb="0" cb="0"/><line nr="852" mi="2" ci="0" mb="2" cb="0"/><line nr="853" mi="17" ci="0" mb="0" cb="0"/><line nr="855" mi="1" ci="0" mb="0" cb="0"/><line nr="870" mi="2" ci="0" mb="2" cb="0"/><line nr="871" mi="17" ci="0" mb="0" cb="0"/><line nr="873" mi="1" ci="0" mb="0" cb="0"/><line nr="888" mi="2" ci="0" mb="2" cb="0"/><line nr="889" mi="16" ci="0" mb="0" cb="0"/><line nr="891" mi="1" ci="0" mb="0" cb="0"/><line nr="907" mi="2" ci="0" mb="2" cb="0"/><line nr="908" mi="20" ci="0" mb="0" cb="0"/><line nr="910" mi="1" ci="0" mb="0" cb="0"/><line nr="927" mi="2" ci="0" mb="2" cb="0"/><line nr="928" mi="24" ci="0" mb="0" cb="0"/><line nr="930" mi="1" ci="0" mb="0" cb="0"/><line nr="956" mi="0" ci="2" mb="1" cb="1"/><line nr="957" mi="4" ci="0" mb="0" cb="0"/><line nr="959" mi="0" ci="2" mb="0" cb="0"/><line nr="974" mi="2" ci="0" mb="2" cb="0"/><line nr="975" mi="6" ci="0" mb="0" cb="0"/><line nr="977" mi="2" ci="0" mb="0" cb="0"/><line nr="1000" mi="2" ci="0" mb="2" cb="0"/><line nr="1001" mi="4" ci="0" mb="0" cb="0"/><line nr="1002" mi="3" ci="0" mb="0" cb="0"/><line nr="1004" mi="2" ci="0" mb="0" cb="0"/><line nr="1017" mi="2" ci="0" mb="2" cb="0"/><line nr="1018" mi="13" ci="0" mb="0" cb="0"/><line nr="1020" mi="2" ci="0" mb="0" cb="0"/><line nr="1033" mi="2" ci="0" mb="2" cb="0"/><line nr="1034" mi="13" ci="0" mb="0" cb="0"/><line nr="1036" mi="2" ci="0" mb="0" cb="0"/><line nr="1049" mi="2" ci="0" mb="2" cb="0"/><line nr="1050" mi="13" ci="0" mb="0" cb="0"/><line nr="1052" mi="2" ci="0" mb="0" cb="0"/><line nr="1067" mi="2" ci="0" mb="2" cb="0"/><line nr="1068" mi="12" ci="0" mb="0" cb="0"/><line nr="1070" mi="2" ci="0" mb="0" cb="0"/><line nr="1083" mi="2" ci="0" mb="2" cb="0"/><line nr="1084" mi="18" ci="0" mb="0" cb="0"/><line nr="1086" mi="2" ci="0" mb="0" cb="0"/><line nr="1099" mi="2" ci="0" mb="2" cb="0"/><line nr="1100" mi="18" ci="0" mb="0" cb="0"/><line nr="1102" mi="2" ci="0" mb="0" cb="0"/><line nr="1115" mi="2" ci="0" mb="2" cb="0"/><line nr="1116" mi="18" ci="0" mb="0" cb="0"/><line nr="1118" mi="2" ci="0" mb="0" cb="0"/><line nr="1134" mi="2" ci="0" mb="2" cb="0"/><line nr="1135" mi="17" ci="0" mb="0" cb="0"/><line nr="1137" mi="2" ci="0" mb="0" cb="0"/><line nr="1150" mi="2" ci="0" mb="2" cb="0"/><line nr="1151" mi="18" ci="0" mb="0" cb="0"/><line nr="1153" mi="2" ci="0" mb="0" cb="0"/><line nr="1166" mi="2" ci="0" mb="2" cb="0"/><line nr="1167" mi="18" ci="0" mb="0" cb="0"/><line nr="1169" mi="2" ci="0" mb="0" cb="0"/><line nr="1182" mi="2" ci="0" mb="2" cb="0"/><line nr="1183" mi="18" ci="0" mb="0" cb="0"/><line nr="1185" mi="2" ci="0" mb="0" cb="0"/><line nr="1201" mi="2" ci="0" mb="2" cb="0"/><line nr="1202" mi="17" ci="0" mb="0" cb="0"/><line nr="1204" mi="2" ci="0" mb="0" cb="0"/><line nr="1217" mi="2" ci="0" mb="2" cb="0"/><line nr="1218" mi="18" ci="0" mb="0" cb="0"/><line nr="1220" mi="2" ci="0" mb="0" cb="0"/><line nr="1233" mi="2" ci="0" mb="2" cb="0"/><line nr="1234" mi="18" ci="0" mb="0" cb="0"/><line nr="1236" mi="2" ci="0" mb="0" cb="0"/><line nr="1249" mi="2" ci="0" mb="2" cb="0"/><line nr="1250" mi="18" ci="0" mb="0" cb="0"/><line nr="1252" mi="2" ci="0" mb="0" cb="0"/><line nr="1268" mi="2" ci="0" mb="2" cb="0"/><line nr="1269" mi="17" ci="0" mb="0" cb="0"/><line nr="1271" mi="2" ci="0" mb="0" cb="0"/><line nr="1287" mi="2" ci="0" mb="2" cb="0"/><line nr="1288" mi="17" ci="0" mb="0" cb="0"/><line nr="1290" mi="2" ci="0" mb="0" cb="0"/><line nr="1306" mi="2" ci="0" mb="2" cb="0"/><line nr="1307" mi="17" ci="0" mb="0" cb="0"/><line nr="1309" mi="2" ci="0" mb="0" cb="0"/><line nr="1325" mi="2" ci="0" mb="2" cb="0"/><line nr="1326" mi="17" ci="0" mb="0" cb="0"/><line nr="1328" mi="2" ci="0" mb="0" cb="0"/><line nr="1344" mi="2" ci="0" mb="2" cb="0"/><line nr="1345" mi="16" ci="0" mb="0" cb="0"/><line nr="1347" mi="2" ci="0" mb="0" cb="0"/><line nr="1364" mi="2" ci="0" mb="2" cb="0"/><line nr="1365" mi="20" ci="0" mb="0" cb="0"/><line nr="1367" mi="2" ci="0" mb="0" cb="0"/><line nr="1385" mi="2" ci="0" mb="2" cb="0"/><line nr="1386" mi="24" ci="0" mb="0" cb="0"/><line nr="1388" mi="2" ci="0" mb="0" cb="0"/><line nr="1429" mi="5" ci="0" mb="0" cb="0"/><line nr="1446" mi="5" ci="0" mb="4" cb="0"/><line nr="1447" mi="8" ci="0" mb="0" cb="0"/><line nr="1449" mi="2" ci="0" mb="0" cb="0"/><line nr="1453" mi="2" ci="0" mb="2" cb="0"/><line nr="1454" mi="14" ci="0" mb="0" cb="0"/><line nr="1455" mi="2" ci="0" mb="2" cb="0"/><line nr="1456" mi="12" ci="0" mb="0" cb="0"/><line nr="1458" mi="19" ci="0" mb="0" cb="0"/><line nr="1478" mi="0" ci="5" mb="0" cb="0"/><line nr="1495" mi="0" ci="5" mb="2" cb="2"/><line nr="1496" mi="8" ci="0" mb="0" cb="0"/><line nr="1498" mi="0" ci="2" mb="0" cb="0"/><line nr="1502" mi="2" ci="0" mb="2" cb="0"/><line nr="1503" mi="14" ci="0" mb="0" cb="0"/><line nr="1504" mi="2" ci="0" mb="2" cb="0"/><line nr="1505" mi="12" ci="0" mb="0" cb="0"/><line nr="1507" mi="19" ci="0" mb="0" cb="0"/><line nr="1525" mi="8" ci="0" mb="6" cb="0"/><line nr="1526" mi="8" ci="0" mb="0" cb="0"/><line nr="1528" mi="1" ci="0" mb="0" cb="0"/><line nr="1531" mi="5" ci="0" mb="4" cb="0"/><line nr="1532" mi="5" ci="0" mb="0" cb="0"/><line nr="1534" mi="5" ci="0" mb="4" cb="0"/><line nr="1535" mi="5" ci="0" mb="0" cb="0"/><line nr="1538" mi="15" ci="0" mb="0" cb="0"/><counter type="INSTRUCTION" missed="1585" covered="31"/><counter type="BRANCH" missed="173" covered="7"/><counter type="LINE" missed="243" covered="12"/><counter type="COMPLEXITY" missed="166" covered="7"/><counter type="METHOD" missed="77" covered="6"/><counter type="CLASS" missed="0" covered="1"/></sourcefile><counter type="INSTRUCTION" missed="2715" covered="679"/><counter type="BRANCH" missed="299" covered="73"/><counter type="LINE" missed="477" covered="150"/><counter type="COMPLEXITY" missed="329" covered="84"/><counter type="METHOD" missed="171" covered="54"/><counter type="CLASS" missed="11" covered="12"/></package><package name="ch/fmartin/symphony/trello/testsupport"><class name="ch/fmartin/symphony/trello/testsupport/TestRepositoryUris" sourcefilename="TestRepositoryUris.java"><method name="hasUnusableExplicitPort" desc="(Ljava/net/URI;)Z" line="15"><counter type="INSTRUCTION" missed="2" covered="17"/><counter type="BRANCH" missed="2" covered="4"/><counter type="LINE" missed="0" covered="2"/><counter type="COMPLEXITY" missed="2" covered="2"/><counter type="METHOD" missed="0" covered="1"/></method><method name="hasExplicitAuthorityPort" desc="(Ljava/net/URI;)Z" line="20"><counter type="INSTRUCTION" missed="0" covered="20"/><counter type="BRANCH" missed="0" covered="2"/><counter type="LINE" missed="0" covered="5"/><counter type="COMPLEXITY" missed="0" covered="2"/><counter type="METHOD" missed="0" covered="1"/></method><method name="&lt;clinit&gt;" desc="()V" line="10"><counter type="INSTRUCTION" missed="0" covered="4"/><counter type="LINE" missed="0" covered="1"/><counter type="COMPLEXITY" missed="0" covered="1"/><counter type="METHOD" missed="0" covered="1"/></method><counter type="INSTRUCTION" missed="2" covered="41"/><counter type="BRANCH" missed="2" covered="6"/><counter type="LINE" missed="0" covered="8"/><counter type="COMPLEXITY" missed="2" covered="5"/><counter type="METHOD" missed="0" covered="3"/><counter type="CLASS" missed="0" covered="1"/></class><sourcefile name="TestRepositoryUris.java"><line nr="10" mi="0" ci="4" mb="0" cb="0"/><line nr="15" mi="0" ci="3" mb="0" cb="0"/><line nr="16" mi="2" ci="14" mb="2" cb="4"/><line nr="20" mi="0" ci="3" mb="0" cb="0"/><line nr="21" mi="0" ci="2" mb="0" cb="2"/><line nr="22" mi="0" ci="2" mb="0" cb="0"/><line nr="24" mi="0" ci="8" mb="0" cb="0"/><line nr="25" mi="0" ci="5" mb="0" cb="0"/><counter type="INSTRUCTION" missed="2" covered="41"/><counter type="BRANCH" missed="2" covered="6"/><counter type="LINE" missed="0" covered="8"/><counter type="COMPLEXITY" missed="2" covered="5"/><counter type="METHOD" missed="0" covered="3"/><counter type="CLASS" missed="0" covered="1"/></sourcefile><counter type="INSTRUCTION" missed="2" covered="41"/><counter type="BRANCH" missed="2" covered="6"/><counter type="LINE" missed="0" covered="8"/><counter type="COMPLEXITY" missed="2" covered="5"/><counter type="METHOD" missed="0" covered="3"/><counter type="CLASS" missed="0" covered="1"/></package><counter type="INSTRUCTION" missed="15194" covered="7845"/><counter type="BRANCH" missed="1929" covered="732"/><counter type="LINE" missed="3714" covered="1888"/><counter type="COMPLEXITY" missed="2008" covered="652"/><counter type="METHOD" missed="854" covered="461"/><counter type="CLASS" missed="34" covered="117"/></report>